<?xml version="1.0" encoding="UTF-8"?>
<!-- Generated by org.testng.reporters.JUnitXMLReporter -->
<testsuite ignored="2" hostname="Abhinandan-Banerjee" failures="2" tests="8" name="LoginPage Test1" time="40.459" errors="0" timestamp="18 Aug 2021 14:39:33 GMT">
  <testcase classname="cs.qa.te.tests.LoginPageTest" name="changeLanguageTest" time="2.877"/>
  <testcase classname="cs.qa.te.tests.LoginPageTest" name="loginPageTitleTest" time="10.096"/>
  <testcase classname="cs.qa.te.tests.LoginPageTest" name="loginPageTextTest" time="0.076"/>
  <testcase classname="cs.qa.te.tests.LoginPageTest" name="loginPageLogoTest" time="0.05"/>
  <testcase classname="cs.qa.te.tests.LoginPageTest" name="forgotPWDLinkTest" time="0.098"/>
  <testcase classname="cs.qa.te.tests.LoginPageTest" name="loginPageLinkListTest" time="0.178">
    <failure type="com.google.common.base.VerifyException" message="not matched">
      <![CDATA[com.google.common.base.VerifyException: not matched
at com.google.common.base.Verify.verify(Verify.java:123)
at cs.qa.te.tests.LoginPageTest.loginPageLinkListTest(LoginPageTest.java:96)
... Removed 25 stack frames]]>
    </failure>
  </testcase> <!-- loginPageLinkListTest -->
  <testcase classname="cs.qa.te.tests.LoginPageTest" name="userNameTextTest" time="0.321"/>
  <testcase classname="cs.qa.te.tests.LoginPageTest" name="passwordTextTest" time="8.206">
    <failure type="org.openqa.selenium.TimeoutException" message="Expected condition failed: waiting for presence of element located by: By.xpath: //div[@class=&amp;quot;input-group&amp;quot;]/input[@id =&amp;apos;timberpass&amp;apos;] (tried for 8 second(s) with 500 milliseconds interval)">
      <![CDATA[org.openqa.selenium.TimeoutException: Expected condition failed: waiting for presence of element located by: By.xpath: //div[@class="input-group"]/input[@id ='timberpass'] (tried for 8 second(s) with 500 milliseconds interval)
at org.openqa.selenium.support.ui.WebDriverWait.timeoutException(WebDriverWait.java:95)
at org.openqa.selenium.support.ui.FluentWait.until(FluentWait.java:272)
at cs.qa.te.utils.ElementUtil.doPresenceOfElementLocated(ElementUtil.java:178)
at cs.qa.te.pages.LoginPage.passwordEnter(LoginPage.java:93)
at cs.qa.te.tests.LoginPageTest.passwordTextTest(LoginPageTest.java:158)
Caused by: org.openqa.selenium.NoSuchElementException: no such element: Unable to locate element: {"method":"xpath","selector":"//div[@class="input-group"]/input[@id ='timberpass']"}
  (Session info: chrome=92.0.4515.159)
For documentation on this error, please visit: https://www.seleniumhq.org/exceptions/no_such_element.html
Build info: version: '3.141.59', revision: 'e82be7d358', time: '2018-11-14T08:17:03'
System info: host: 'ABHINANDAN-BANE', ip: '192.168.0.104', os.name: 'Windows 10', os.arch: 'amd64', os.version: '10.0', java.version: '16.0.1'
Driver info: org.openqa.selenium.chrome.ChromeDriver
Capabilities {acceptInsecureCerts: false, browserName: chrome, browserVersion: 92.0.4515.159, chrome: {chromedriverVersion: 92.0.4515.107 (87a818b10553..., userDataDir: C:\Users\ABHINA~1\AppData\L...}, goog:chromeOptions: {debuggerAddress: localhost:59048}, javascriptEnabled: true, networkConnectionEnabled: false, pageLoadStrategy: normal, platform: WINDOWS, platformName: WINDOWS, proxy: Proxy(), setWindowRect: true, strictFileInteractability: false, timeouts: {implicit: 0, pageLoad: 300000, script: 30000}, unhandledPromptBehavior: dismiss and notify, webauthn:extension:credBlob: true, webauthn:extension:largeBlob: true, webauthn:virtualAuthenticators: true}
Session ID: e01bae6bd7ae39d9743cd0946f366193
*** Element info: {Using=xpath, value=//div[@class="input-group"]/input[@id ='timberpass']}
at org.openqa.selenium.remote.http.W3CHttpResponseCodec.createException(W3CHttpResponseCodec.java:187)
at org.openqa.selenium.remote.http.W3CHttpResponseCodec.decode(W3CHttpResponseCodec.java:122)
at org.openqa.selenium.remote.http.W3CHttpResponseCodec.decode(W3CHttpResponseCodec.java:49)
at org.openqa.selenium.remote.HttpCommandExecutor.execute(HttpCommandExecutor.java:158)
at org.openqa.selenium.remote.service.DriverCommandExecutor.execute(DriverCommandExecutor.java:83)
at org.openqa.selenium.remote.RemoteWebDriver.execute(RemoteWebDriver.java:552)
at org.openqa.selenium.remote.RemoteWebDriver.findElement(RemoteWebDriver.java:323)
at org.openqa.selenium.remote.RemoteWebDriver.findElementByXPath(RemoteWebDriver.java:428)
at org.openqa.selenium.By$ByXPath.findElement(By.java:353)
at org.openqa.selenium.remote.RemoteWebDriver.findElement(RemoteWebDriver.java:315)
at org.openqa.selenium.support.ui.ExpectedConditions$6.apply(ExpectedConditions.java:182)
at org.openqa.selenium.support.ui.ExpectedConditions$6.apply(ExpectedConditions.java:179)
at org.openqa.selenium.support.ui.FluentWait.until(FluentWait.java:249)
... 28 more
... Removed 30 stack frames]]>
    </failure>
  </testcase> <!-- passwordTextTest -->
  <testcase classname="cs.qa.te.tests.LoginPageTest" name="clickOnResourceListOptionsTest" time="0.0">
    <ignored/>
  </testcase> <!-- clickOnResourceListOptionsTest -->
  <testcase classname="cs.qa.te.tests.LoginPageTest" name="resourceOptionsListTest" time="0.0">
    <ignored/>
  </testcase> <!-- resourceOptionsListTest -->
</testsuite> <!-- LoginPage Test1 -->
