<?xml version="1.0" encoding="UTF-8"?>
<!-- Generated by org.testng.reporters.JUnitXMLReporter -->
<testsuite ignored="9" hostname="Abhinandan-Banerjee" failures="0" tests="3" name="RegisPage Test1" time="9.646" errors="0" timestamp="18 Aug 2021 14:39:43 GMT">
  <testcase classname="cs.qa.te.tests.RegistrationPageTest" name="@BeforeClass clickToLoginLink" time="1.323">
    <failure type="org.openqa.selenium.ElementClickInterceptedException" message="element click intercepted: Element &amp;lt;a href=&amp;quot;https://www.pellets.supply/working/signup&amp;quot;&amp;gt;...&amp;lt;/a&amp;gt; is not clickable at point (1017, 39). Other element would receive the click: &amp;lt;div class=&amp;quot;modal fade bd-example-modal-md successStory show&amp;quot; tabindex=&amp;quot;-1&amp;quot; role=&amp;quot;dialog&amp;quot; aria-labelledby=&amp;quot;myLargeModalLabel&amp;quot; id=&amp;quot;myModal&amp;quot; style=&amp;quot;padding-right: 17px; display: block;&amp;quot; aria-modal=&amp;quot;true&amp;quot;&amp;gt;...&amp;lt;/div&amp;gt;
  (Session info: chrome=92.0.4515.159)
Build info: version: &amp;apos;3.141.59&amp;apos;, revision: &amp;apos;e82be7d358&amp;apos;, time: &amp;apos;2018-11-14T08:17:03&amp;apos;
System info: host: &amp;apos;ABHINANDAN-BANE&amp;apos;, ip: &amp;apos;192.168.0.104&amp;apos;, os.name: &amp;apos;Windows 10&amp;apos;, os.arch: &amp;apos;amd64&amp;apos;, os.version: &amp;apos;10.0&amp;apos;, java.version: &amp;apos;16.0.1&amp;apos;
Driver info: org.openqa.selenium.chrome.ChromeDriver
Capabilities {acceptInsecureCerts: false, browserName: chrome, browserVersion: 92.0.4515.159, chrome: {chromedriverVersion: 92.0.4515.107 (87a818b10553..., userDataDir: C:\Users\ABHINA~1\AppData\L...}, goog:chromeOptions: {debuggerAddress: localhost:64339}, javascriptEnabled: true, networkConnectionEnabled: false, pageLoadStrategy: normal, platform: WINDOWS, platformName: WINDOWS, proxy: Proxy(), setWindowRect: true, strictFileInteractability: false, timeouts: {implicit: 0, pageLoad: 300000, script: 30000}, unhandledPromptBehavior: dismiss and notify, webauthn:extension:credBlob: true, webauthn:extension:largeBlob: true, webauthn:virtualAuthenticators: true}
Session ID: 40fa1bf4ec04a3f4e26959a62f4d3575">
      <![CDATA[org.openqa.selenium.ElementClickInterceptedException: element click intercepted: Element <a href="https://www.pellets.supply/working/signup">...</a> is not clickable at point (1017, 39). Other element would receive the click: <div class="modal fade bd-example-modal-md successStory show" tabindex="-1" role="dialog" aria-labelledby="myLargeModalLabel" id="myModal" style="padding-right: 17px; display: block;" aria-modal="true">...</div>
  (Session info: chrome=92.0.4515.159)
Build info: version: '3.141.59', revision: 'e82be7d358', time: '2018-11-14T08:17:03'
System info: host: 'ABHINANDAN-BANE', ip: '192.168.0.104', os.name: 'Windows 10', os.arch: 'amd64', os.version: '10.0', java.version: '16.0.1'
Driver info: org.openqa.selenium.chrome.ChromeDriver
Capabilities {acceptInsecureCerts: false, browserName: chrome, browserVersion: 92.0.4515.159, chrome: {chromedriverVersion: 92.0.4515.107 (87a818b10553..., userDataDir: C:\Users\ABHINA~1\AppData\L...}, goog:chromeOptions: {debuggerAddress: localhost:64339}, javascriptEnabled: true, networkConnectionEnabled: false, pageLoadStrategy: normal, platform: WINDOWS, platformName: WINDOWS, proxy: Proxy(), setWindowRect: true, strictFileInteractability: false, timeouts: {implicit: 0, pageLoad: 300000, script: 30000}, unhandledPromptBehavior: dismiss and notify, webauthn:extension:credBlob: true, webauthn:extension:largeBlob: true, webauthn:virtualAuthenticators: true}
Session ID: 40fa1bf4ec04a3f4e26959a62f4d3575
at org.openqa.selenium.remote.http.W3CHttpResponseCodec.createException(W3CHttpResponseCodec.java:187)
at org.openqa.selenium.remote.http.W3CHttpResponseCodec.decode(W3CHttpResponseCodec.java:122)
at org.openqa.selenium.remote.http.W3CHttpResponseCodec.decode(W3CHttpResponseCodec.java:49)
at org.openqa.selenium.remote.HttpCommandExecutor.execute(HttpCommandExecutor.java:158)
at org.openqa.selenium.remote.service.DriverCommandExecutor.execute(DriverCommandExecutor.java:83)
at org.openqa.selenium.remote.RemoteWebDriver.execute(RemoteWebDriver.java:552)
at org.openqa.selenium.remote.RemoteWebElement.execute(RemoteWebElement.java:285)
at org.openqa.selenium.remote.RemoteWebElement.click(RemoteWebElement.java:84)
at cs.qa.te.utils.ElementUtil.doClick(ElementUtil.java:46)
at cs.qa.te.pages.RegistrationPage.clickRegister(RegistrationPage.java:66)
at cs.qa.te.tests.RegistrationPageTest.clickToLoginLink(RegistrationPageTest.java:24)
... Removed 31 stack frames]]>
    </failure>
  </testcase> <!-- @BeforeClass clickToLoginLink -->
  <testcase classname="cs.qa.te.tests.BaseTest" name="@AfterTest tearDown" time="0.0">
    <skipped/>
  </testcase> <!-- @AfterTest tearDown -->
  <testcase classname="cs.qa.te.tests.RegistrationPageTest" name="selectPositionTest" time="0.0">
    <skipped/>
  </testcase> <!-- selectPositionTest -->
  <testcase classname="cs.qa.te.tests.RegistrationPageTest" name="fillRegistrationDataTest" time="0.0">
    <skipped/>
  </testcase> <!-- fillRegistrationDataTest -->
  <testcase classname="cs.qa.te.tests.RegistrationPageTest" name="clickToUploadFileTest" time="0.0">
    <skipped/>
  </testcase> <!-- clickToUploadFileTest -->
  <testcase classname="cs.qa.te.tests.RegistrationPageTest" name="submitTest" time="0.0">
    <ignored/>
  </testcase> <!-- submitTest -->
  <testcase classname="cs.qa.te.tests.RegistrationPageTest" name="getSubscribeNewsLetterTextTest" time="0.0">
    <ignored/>
  </testcase> <!-- getSubscribeNewsLetterTextTest -->
  <testcase classname="cs.qa.te.tests.RegistrationPageTest" name="getRegistrationFieldstextTest" time="0.0">
    <ignored/>
  </testcase> <!-- getRegistrationFieldstextTest -->
  <testcase classname="cs.qa.te.tests.RegistrationPageTest" name="placeholderTextTest" time="0.0">
    <ignored/>
  </testcase> <!-- placeholderTextTest -->
  <testcase classname="cs.qa.te.tests.RegistrationPageTest" name="getDropFileTextTest" time="0.0">
    <ignored/>
  </testcase> <!-- getDropFileTextTest -->
  <testcase classname="cs.qa.te.tests.RegistrationPageTest" name="changeLanguageTest" time="0.0">
    <ignored/>
  </testcase> <!-- changeLanguageTest -->
  <testcase classname="cs.qa.te.tests.RegistrationPageTest" name="getSubmitTextTest" time="0.0">
    <ignored/>
  </testcase> <!-- getSubmitTextTest -->
  <testcase classname="cs.qa.te.tests.RegistrationPageTest" name="getPolicyCheckboxTextTest" time="0.0">
    <ignored/>
  </testcase> <!-- getPolicyCheckboxTextTest -->
  <testcase classname="cs.qa.te.tests.RegistrationPageTest" name="registerHighlightedTitleTextTest" time="0.0">
    <ignored/>
  </testcase> <!-- registerHighlightedTitleTextTest -->
</testsuite> <!-- RegisPage Test1 -->
