<?xml version="1.0" encoding="UTF-8"?>
<!-- Generated by org.testng.reporters.JUnitXMLReporter -->
<testsuite ignored="9" hostname="Abhinandan-Banerjee" failures="3" tests="3" name="RegisPage Test2" time="0.067" errors="0" timestamp="18 Aug 2021 14:39:43 GMT">
  <testcase classname="cs.qa.te.tests.RegistrationPageTest" name="selectPositionTest" time="0.001">
    <failure type="java.lang.NullPointerException" message="Cannot invoke &amp;quot;cs.qa.te.pages.RegistrationPage.getUserType()&amp;quot; because &amp;quot;this.registrationPage&amp;quot; is null">
      <![CDATA[java.lang.NullPointerException: Cannot invoke "cs.qa.te.pages.RegistrationPage.getUserType()" because "this.registrationPage" is null
at cs.qa.te.tests.RegistrationPageTest.selectPositionTest(RegistrationPageTest.java:108)
... Removed 25 stack frames]]>
    </failure>
  </testcase> <!-- selectPositionTest -->
  <testcase classname="cs.qa.te.tests.RegistrationPageTest" name="fillRegistrationDataTest" time="0.017">
    <failure type="java.lang.NullPointerException" message="Cannot invoke &amp;quot;cs.qa.te.pages.RegistrationPage.fillRegistrationData()&amp;quot; because &amp;quot;this.registrationPage&amp;quot; is null">
      <![CDATA[java.lang.NullPointerException: Cannot invoke "cs.qa.te.pages.RegistrationPage.fillRegistrationData()" because "this.registrationPage" is null
at cs.qa.te.tests.RegistrationPageTest.fillRegistrationDataTest(RegistrationPageTest.java:121)
... Removed 25 stack frames]]>
    </failure>
  </testcase> <!-- fillRegistrationDataTest -->
  <testcase classname="cs.qa.te.tests.RegistrationPageTest" name="clickToUploadFileTest" time="0.004">
    <failure type="java.lang.NullPointerException" message="Cannot invoke &amp;quot;cs.qa.te.pages.RegistrationPage.clickToUploadFile()&amp;quot; because &amp;quot;this.registrationPage&amp;quot; is null">
      <![CDATA[java.lang.NullPointerException: Cannot invoke "cs.qa.te.pages.RegistrationPage.clickToUploadFile()" because "this.registrationPage" is null
at cs.qa.te.tests.RegistrationPageTest.clickToUploadFileTest(RegistrationPageTest.java:127)
... Removed 25 stack frames]]>
    </failure>
  </testcase> <!-- clickToUploadFileTest -->
  <testcase classname="cs.qa.te.tests.RegistrationPageTest" name="submitTest" time="0.0">
    <ignored/>
  </testcase> <!-- submitTest -->
  <testcase classname="cs.qa.te.tests.RegistrationPageTest" name="getSubscribeNewsLetterTextTest" time="0.0">
    <ignored/>
  </testcase> <!-- getSubscribeNewsLetterTextTest -->
  <testcase classname="cs.qa.te.tests.RegistrationPageTest" name="getRegistrationFieldstextTest" time="0.0">
    <ignored/>
  </testcase> <!-- getRegistrationFieldstextTest -->
  <testcase classname="cs.qa.te.tests.RegistrationPageTest" name="placeholderTextTest" time="0.0">
    <ignored/>
  </testcase> <!-- placeholderTextTest -->
  <testcase classname="cs.qa.te.tests.RegistrationPageTest" name="getDropFileTextTest" time="0.0">
    <ignored/>
  </testcase> <!-- getDropFileTextTest -->
  <testcase classname="cs.qa.te.tests.RegistrationPageTest" name="changeLanguageTest" time="0.0">
    <ignored/>
  </testcase> <!-- changeLanguageTest -->
  <testcase classname="cs.qa.te.tests.RegistrationPageTest" name="getSubmitTextTest" time="0.0">
    <ignored/>
  </testcase> <!-- getSubmitTextTest -->
  <testcase classname="cs.qa.te.tests.RegistrationPageTest" name="getPolicyCheckboxTextTest" time="0.0">
    <ignored/>
  </testcase> <!-- getPolicyCheckboxTextTest -->
  <testcase classname="cs.qa.te.tests.RegistrationPageTest" name="registerHighlightedTitleTextTest" time="0.0">
    <ignored/>
  </testcase> <!-- registerHighlightedTitleTextTest -->
</testsuite> <!-- RegisPage Test2 -->
