<?xml version="1.0" encoding="UTF-8"?>
<!-- Generated by org.testng.reporters.JUnitXMLReporter -->
<testsuite ignored="0" hostname="DESKTOP-O9M6KMN" failures="2" tests="4" name="Demand Page Test" time="184.871" errors="0" timestamp="15 Jul 2022 06:09:38 GMT">
  <testcase classname="cs.qa.te.tests.PriceCalculatorPageTest" name="supplierNavigateToPriceCalculatorCalculationPreviewPageTest" time="42.706"/>
  <testcase classname="cs.qa.te.tests.PriceCalculatorPageTest" name="supplierNavigateToPriceCalculatorNextStepPage" time="10.142"/>
  <testcase classname="cs.qa.te.tests.PriceCalculatorPageTest" name="supplierNavigateToPriceCalculatorViewDetailsPageTest" time="51.453">
    <failure type="org.openqa.selenium.TimeoutException" message="Expected condition failed: waiting for visibility of element located by By.xpath: //a[contains(text(),&amp;apos;Price Calculator&amp;apos;)] (tried for 8 second(s) with 500 milliseconds interval)
Build info: version: &amp;apos;3.141.59&amp;apos;, revision: &amp;apos;e82be7d358&amp;apos;, time: &amp;apos;2018-11-14T08:17:03&amp;apos;
System info: host: &amp;apos;DESKTOP-O9M6KMN&amp;apos;, ip: &amp;apos;192.168.43.117&amp;apos;, os.name: &amp;apos;Windows 10&amp;apos;, os.arch: &amp;apos;amd64&amp;apos;, os.version: &amp;apos;10.0&amp;apos;, java.version: &amp;apos;17&amp;apos;
Driver info: org.openqa.selenium.chrome.ChromeDriver
Capabilities {acceptInsecureCerts: false, browserName: chrome, browserVersion: 90.0.4430.72, chrome: {chromedriverVersion: 90.0.4430.24 (4c6d850f087da..., userDataDir: C:\Users\IND\AppData\Local\...}, goog:chromeOptions: {debuggerAddress: localhost:58680}, javascriptEnabled: true, networkConnectionEnabled: false, pageLoadStrategy: normal, platform: WINDOWS, platformName: WINDOWS, proxy: Proxy(), setWindowRect: true, strictFileInteractability: false, timeouts: {implicit: 0, pageLoad: 300000, script: 30000}, unhandledPromptBehavior: dismiss and notify, webauthn:extension:largeBlob: true, webauthn:virtualAuthenticators: true}
Session ID: 4fa00e681af5d52e9edb7ab1724bdecf">
      <![CDATA[org.openqa.selenium.TimeoutException: Expected condition failed: waiting for visibility of element located by By.xpath: //a[contains(text(),'Price Calculator')] (tried for 8 second(s) with 500 milliseconds interval)
Build info: version: '3.141.59', revision: 'e82be7d358', time: '2018-11-14T08:17:03'
System info: host: 'DESKTOP-O9M6KMN', ip: '192.168.43.117', os.name: 'Windows 10', os.arch: 'amd64', os.version: '10.0', java.version: '17'
Driver info: org.openqa.selenium.chrome.ChromeDriver
Capabilities {acceptInsecureCerts: false, browserName: chrome, browserVersion: 90.0.4430.72, chrome: {chromedriverVersion: 90.0.4430.24 (4c6d850f087da..., userDataDir: C:\Users\IND\AppData\Local\...}, goog:chromeOptions: {debuggerAddress: localhost:58680}, javascriptEnabled: true, networkConnectionEnabled: false, pageLoadStrategy: normal, platform: WINDOWS, platformName: WINDOWS, proxy: Proxy(), setWindowRect: true, strictFileInteractability: false, timeouts: {implicit: 0, pageLoad: 300000, script: 30000}, unhandledPromptBehavior: dismiss and notify, webauthn:extension:largeBlob: true, webauthn:virtualAuthenticators: true}
Session ID: 4fa00e681af5d52e9edb7ab1724bdecf
at org.openqa.selenium.support.ui.WebDriverWait.timeoutException(WebDriverWait.java:95)
at org.openqa.selenium.support.ui.FluentWait.until(FluentWait.java:272)
at cs.qa.te.utils.ElementUtil.doVisiblityOfElementLocated(ElementUtil.java:759)
at cs.qa.te.pages.PriceCalculatorPage.navigateToPriceCalculatorPageWithOutEndTour(PriceCalculatorPage.java:235)
at cs.qa.te.tests.PriceCalculatorPageTest.supplierNavigateToPriceCalculatorViewDetailsPageTest(PriceCalculatorPageTest.java:145)
... Removed 25 stack frames]]>
    </failure>
  </testcase> <!-- supplierNavigateToPriceCalculatorViewDetailsPageTest -->
  <testcase classname="cs.qa.te.tests.PriceCalculatorPageTest" name="supplierSendTOfferToImporterAcceptOffer" time="39.201">
    <failure type="org.openqa.selenium.TimeoutException" message="Expected condition failed: waiting for visibility of element located by By.xpath: //a[contains(text(),&amp;apos;Price Calculator&amp;apos;)] (tried for 8 second(s) with 500 milliseconds interval)
Build info: version: &amp;apos;3.141.59&amp;apos;, revision: &amp;apos;e82be7d358&amp;apos;, time: &amp;apos;2018-11-14T08:17:03&amp;apos;
System info: host: &amp;apos;DESKTOP-O9M6KMN&amp;apos;, ip: &amp;apos;192.168.43.117&amp;apos;, os.name: &amp;apos;Windows 10&amp;apos;, os.arch: &amp;apos;amd64&amp;apos;, os.version: &amp;apos;10.0&amp;apos;, java.version: &amp;apos;17&amp;apos;
Driver info: org.openqa.selenium.chrome.ChromeDriver
Capabilities {acceptInsecureCerts: false, browserName: chrome, browserVersion: 90.0.4430.72, chrome: {chromedriverVersion: 90.0.4430.24 (4c6d850f087da..., userDataDir: C:\Users\IND\AppData\Local\...}, goog:chromeOptions: {debuggerAddress: localhost:58680}, javascriptEnabled: true, networkConnectionEnabled: false, pageLoadStrategy: normal, platform: WINDOWS, platformName: WINDOWS, proxy: Proxy(), setWindowRect: true, strictFileInteractability: false, timeouts: {implicit: 0, pageLoad: 300000, script: 30000}, unhandledPromptBehavior: dismiss and notify, webauthn:extension:largeBlob: true, webauthn:virtualAuthenticators: true}
Session ID: 4fa00e681af5d52e9edb7ab1724bdecf">
      <![CDATA[org.openqa.selenium.TimeoutException: Expected condition failed: waiting for visibility of element located by By.xpath: //a[contains(text(),'Price Calculator')] (tried for 8 second(s) with 500 milliseconds interval)
Build info: version: '3.141.59', revision: 'e82be7d358', time: '2018-11-14T08:17:03'
System info: host: 'DESKTOP-O9M6KMN', ip: '192.168.43.117', os.name: 'Windows 10', os.arch: 'amd64', os.version: '10.0', java.version: '17'
Driver info: org.openqa.selenium.chrome.ChromeDriver
Capabilities {acceptInsecureCerts: false, browserName: chrome, browserVersion: 90.0.4430.72, chrome: {chromedriverVersion: 90.0.4430.24 (4c6d850f087da..., userDataDir: C:\Users\IND\AppData\Local\...}, goog:chromeOptions: {debuggerAddress: localhost:58680}, javascriptEnabled: true, networkConnectionEnabled: false, pageLoadStrategy: normal, platform: WINDOWS, platformName: WINDOWS, proxy: Proxy(), setWindowRect: true, strictFileInteractability: false, timeouts: {implicit: 0, pageLoad: 300000, script: 30000}, unhandledPromptBehavior: dismiss and notify, webauthn:extension:largeBlob: true, webauthn:virtualAuthenticators: true}
Session ID: 4fa00e681af5d52e9edb7ab1724bdecf
at org.openqa.selenium.support.ui.WebDriverWait.timeoutException(WebDriverWait.java:95)
at org.openqa.selenium.support.ui.FluentWait.until(FluentWait.java:272)
at cs.qa.te.utils.ElementUtil.doVisiblityOfElementLocated(ElementUtil.java:759)
at cs.qa.te.pages.PriceCalculatorPage.navigateToPriceCalculatorPageWithOutEndTour(PriceCalculatorPage.java:235)
at cs.qa.te.tests.PriceCalculatorPageTest.supplierSendTOfferToImporterAcceptOffer(PriceCalculatorPageTest.java:203)
... Removed 25 stack frames]]>
    </failure>
  </testcase> <!-- supplierSendTOfferToImporterAcceptOffer -->
</testsuite> <!-- Demand Page Test -->
