<?xml version="1.0" encoding="UTF-8"?>
<!-- Generated by org.testng.reporters.JUnitXMLReporter -->
<testsuite ignored="2" hostname="DESKTOP-O9M6KMN" failures="3" tests="20" name="Create Offer, Specification, Documents, Instruction,  Packing List Test" time="1728.326" errors="0" timestamp="13 Sep 2022 13:41:23 GMT">
  <testcase classname="cs.qa.te.tests.NegotiationsAddOfferPageTest" name="createAddOffer" time="52.31"/>
  <testcase classname="cs.qa.te.tests.NegotiationsAddOfferPageTest" name="importerConfirmAddofferFromNegotiaitons" time="37.302"/>
  <testcase classname="cs.qa.te.tests.NegotiationsAddOfferPageTest" name="supplierAddProductNegotiationsSpecification" time="45.715">
    <failure type="org.openqa.selenium.TimeoutException" message="Expected condition failed: waiting for visibility of element located by By.xpath: //td[contains(text(),&amp;apos;N2544&amp;apos;)] (tried for 8 second(s) with 500 milliseconds interval)">
      <![CDATA[org.openqa.selenium.TimeoutException: Expected condition failed: waiting for visibility of element located by By.xpath: //td[contains(text(),'N2544')] (tried for 8 second(s) with 500 milliseconds interval)
at org.openqa.selenium.support.ui.WebDriverWait.timeoutException(WebDriverWait.java:95)
at org.openqa.selenium.support.ui.FluentWait.until(FluentWait.java:272)
at cs.qa.te.utils.ElementUtil.doVisiblityOfElementLocated(ElementUtil.java:774)
at cs.qa.te.pages.NegotiationsAddOfferPage.navigateToSpecification(NegotiationsAddOfferPage.java:554)
at cs.qa.te.tests.NegotiationsAddOfferPageTest.supplierAddProductNegotiationsSpecification(NegotiationsAddOfferPageTest.java:75)
Caused by: org.openqa.selenium.NoSuchElementException: no such element: Unable to locate element: {"method":"xpath","selector":"//td[contains(text(),'N2544')]"}
  (Session info: chrome=90.0.4430.72)
For documentation on this error, please visit: https://www.seleniumhq.org/exceptions/no_such_element.html
Build info: version: '3.141.59', revision: 'e82be7d358', time: '2018-11-14T08:17:03'
System info: host: 'DESKTOP-O9M6KMN', ip: '192.168.0.185', os.name: 'Windows 10', os.arch: 'amd64', os.version: '10.0', java.version: '17'
Driver info: org.openqa.selenium.chrome.ChromeDriver
Capabilities {acceptInsecureCerts: false, browserName: chrome, browserVersion: 90.0.4430.72, chrome: {chromedriverVersion: 90.0.4430.24 (4c6d850f087da..., userDataDir: C:\Users\IND\AppData\Local\...}, goog:chromeOptions: {debuggerAddress: localhost:56746}, javascriptEnabled: true, networkConnectionEnabled: false, pageLoadStrategy: normal, platform: WINDOWS, platformName: WINDOWS, proxy: Proxy(), setWindowRect: true, strictFileInteractability: false, timeouts: {implicit: 0, pageLoad: 300000, script: 30000}, unhandledPromptBehavior: dismiss and notify, webauthn:extension:largeBlob: true, webauthn:virtualAuthenticators: true}
Session ID: 0954005b385eb07e2630af3456ad9f2e
*** Element info: {Using=xpath, value=//td[contains(text(),'N2544')]}
at org.openqa.selenium.remote.http.W3CHttpResponseCodec.createException(W3CHttpResponseCodec.java:187)
at org.openqa.selenium.remote.http.W3CHttpResponseCodec.decode(W3CHttpResponseCodec.java:122)
at org.openqa.selenium.remote.http.W3CHttpResponseCodec.decode(W3CHttpResponseCodec.java:49)
at org.openqa.selenium.remote.HttpCommandExecutor.execute(HttpCommandExecutor.java:158)
at org.openqa.selenium.remote.service.DriverCommandExecutor.execute(DriverCommandExecutor.java:83)
at org.openqa.selenium.remote.RemoteWebDriver.execute(RemoteWebDriver.java:552)
at org.openqa.selenium.remote.RemoteWebDriver.findElement(RemoteWebDriver.java:323)
at org.openqa.selenium.remote.RemoteWebDriver.findElementByXPath(RemoteWebDriver.java:428)
at org.openqa.selenium.By$ByXPath.findElement(By.java:353)
at org.openqa.selenium.remote.RemoteWebDriver.findElement(RemoteWebDriver.java:315)
at org.openqa.selenium.support.ui.ExpectedConditions$7.apply(ExpectedConditions.java:205)
at org.openqa.selenium.support.ui.ExpectedConditions$7.apply(ExpectedConditions.java:201)
at org.openqa.selenium.support.ui.FluentWait.until(FluentWait.java:249)
... 28 more
... Removed 29 stack frames]]>
    </failure>
  </testcase> <!-- supplierAddProductNegotiationsSpecification -->
  <testcase classname="cs.qa.te.tests.NegotiationsAddOfferPageTest" name="supplierAddProductActiveDealsSpecification" time="46.51">
    <failure type="org.openqa.selenium.TimeoutException" message="Expected condition failed: waiting for visibility of element located by By.xpath: (//td[contains(text(),&amp;apos;N2544&amp;apos;)]/following::a[@id=&amp;apos;dropdownMenuLink&amp;apos;])[1] (tried for 8 second(s) with 500 milliseconds interval)">
      <![CDATA[org.openqa.selenium.TimeoutException: Expected condition failed: waiting for visibility of element located by By.xpath: (//td[contains(text(),'N2544')]/following::a[@id='dropdownMenuLink'])[1] (tried for 8 second(s) with 500 milliseconds interval)
at org.openqa.selenium.support.ui.WebDriverWait.timeoutException(WebDriverWait.java:95)
at org.openqa.selenium.support.ui.FluentWait.until(FluentWait.java:272)
at cs.qa.te.utils.ElementUtil.doVisiblityOfElementLocated(ElementUtil.java:774)
at cs.qa.te.pages.NegotiationsAddOfferPage.moveToActiveDeals(NegotiationsAddOfferPage.java:646)
at cs.qa.te.tests.NegotiationsAddOfferPageTest.supplierAddProductActiveDealsSpecification(NegotiationsAddOfferPageTest.java:130)
Caused by: org.openqa.selenium.NoSuchElementException: no such element: Unable to locate element: {"method":"xpath","selector":"(//td[contains(text(),'N2544')]/following::a[@id='dropdownMenuLink'])[1]"}
  (Session info: chrome=90.0.4430.72)
For documentation on this error, please visit: https://www.seleniumhq.org/exceptions/no_such_element.html
Build info: version: '3.141.59', revision: 'e82be7d358', time: '2018-11-14T08:17:03'
System info: host: 'DESKTOP-O9M6KMN', ip: '192.168.0.185', os.name: 'Windows 10', os.arch: 'amd64', os.version: '10.0', java.version: '17'
Driver info: org.openqa.selenium.chrome.ChromeDriver
Capabilities {acceptInsecureCerts: false, browserName: chrome, browserVersion: 90.0.4430.72, chrome: {chromedriverVersion: 90.0.4430.24 (4c6d850f087da..., userDataDir: C:\Users\IND\AppData\Local\...}, goog:chromeOptions: {debuggerAddress: localhost:56746}, javascriptEnabled: true, networkConnectionEnabled: false, pageLoadStrategy: normal, platform: WINDOWS, platformName: WINDOWS, proxy: Proxy(), setWindowRect: true, strictFileInteractability: false, timeouts: {implicit: 0, pageLoad: 300000, script: 30000}, unhandledPromptBehavior: dismiss and notify, webauthn:extension:largeBlob: true, webauthn:virtualAuthenticators: true}
Session ID: 0954005b385eb07e2630af3456ad9f2e
*** Element info: {Using=xpath, value=(//td[contains(text(),'N2544')]/following::a[@id='dropdownMenuLink'])[1]}
at org.openqa.selenium.remote.http.W3CHttpResponseCodec.createException(W3CHttpResponseCodec.java:187)
at org.openqa.selenium.remote.http.W3CHttpResponseCodec.decode(W3CHttpResponseCodec.java:122)
at org.openqa.selenium.remote.http.W3CHttpResponseCodec.decode(W3CHttpResponseCodec.java:49)
at org.openqa.selenium.remote.HttpCommandExecutor.execute(HttpCommandExecutor.java:158)
at org.openqa.selenium.remote.service.DriverCommandExecutor.execute(DriverCommandExecutor.java:83)
at org.openqa.selenium.remote.RemoteWebDriver.execute(RemoteWebDriver.java:552)
at org.openqa.selenium.remote.RemoteWebDriver.findElement(RemoteWebDriver.java:323)
at org.openqa.selenium.remote.RemoteWebDriver.findElementByXPath(RemoteWebDriver.java:428)
at org.openqa.selenium.By$ByXPath.findElement(By.java:353)
at org.openqa.selenium.remote.RemoteWebDriver.findElement(RemoteWebDriver.java:315)
at org.openqa.selenium.support.ui.ExpectedConditions$7.apply(ExpectedConditions.java:205)
at org.openqa.selenium.support.ui.ExpectedConditions$7.apply(ExpectedConditions.java:201)
at org.openqa.selenium.support.ui.FluentWait.until(FluentWait.java:249)
... 28 more
... Removed 29 stack frames]]>
    </failure>
  </testcase> <!-- supplierAddProductActiveDealsSpecification -->
  <testcase classname="cs.qa.te.tests.NegotiationsAddOfferPageTest" name="supplierActiveDealsInstructionsSettings" time="148.465"/>
  <testcase classname="cs.qa.te.tests.NegotiationsAddOfferPageTest" name="supplierActiveDealsInstructionsCADHandelsbankenBank" time="96.817">
    <failure type="org.openqa.selenium.TimeoutException" message="Expected condition failed: waiting for visibility of element located by By.xpath: (//label[contains(text(),&amp;apos;Name&amp;apos;)]/following::div)[1] (tried for 15 second(s) with 500 milliseconds interval)">
      <![CDATA[org.openqa.selenium.TimeoutException: Expected condition failed: waiting for visibility of element located by By.xpath: (//label[contains(text(),'Name')]/following::div)[1] (tried for 15 second(s) with 500 milliseconds interval)
at org.openqa.selenium.support.ui.WebDriverWait.timeoutException(WebDriverWait.java:95)
at org.openqa.selenium.support.ui.FluentWait.until(FluentWait.java:272)
at cs.qa.te.utils.ElementUtil.waitDoGetText(ElementUtil.java:533)
at cs.qa.te.pages.NegotiationsAddOfferPage.validateCADHandelsbankenBankFromSupplierMyProfile(NegotiationsAddOfferPage.java:802)
at cs.qa.te.tests.NegotiationsAddOfferPageTest.supplierActiveDealsInstructionsCADHandelsbankenBank(NegotiationsAddOfferPageTest.java:230)
Caused by: org.openqa.selenium.NoSuchElementException: no such element: Unable to locate element: {"method":"xpath","selector":"(//label[contains(text(),'Name')]/following::div)[1]"}
  (Session info: chrome=90.0.4430.72)
For documentation on this error, please visit: https://www.seleniumhq.org/exceptions/no_such_element.html
Build info: version: '3.141.59', revision: 'e82be7d358', time: '2018-11-14T08:17:03'
System info: host: 'DESKTOP-O9M6KMN', ip: '192.168.0.185', os.name: 'Windows 10', os.arch: 'amd64', os.version: '10.0', java.version: '17'
Driver info: org.openqa.selenium.chrome.ChromeDriver
Capabilities {acceptInsecureCerts: false, browserName: chrome, browserVersion: 90.0.4430.72, chrome: {chromedriverVersion: 90.0.4430.24 (4c6d850f087da..., userDataDir: C:\Users\IND\AppData\Local\...}, goog:chromeOptions: {debuggerAddress: localhost:56746}, javascriptEnabled: true, networkConnectionEnabled: false, pageLoadStrategy: normal, platform: WINDOWS, platformName: WINDOWS, proxy: Proxy(), setWindowRect: true, strictFileInteractability: false, timeouts: {implicit: 0, pageLoad: 300000, script: 30000}, unhandledPromptBehavior: dismiss and notify, webauthn:extension:largeBlob: true, webauthn:virtualAuthenticators: true}
Session ID: 0954005b385eb07e2630af3456ad9f2e
*** Element info: {Using=xpath, value=(//label[contains(text(),'Name')]/following::div)[1]}
at org.openqa.selenium.remote.http.W3CHttpResponseCodec.createException(W3CHttpResponseCodec.java:187)
at org.openqa.selenium.remote.http.W3CHttpResponseCodec.decode(W3CHttpResponseCodec.java:122)
at org.openqa.selenium.remote.http.W3CHttpResponseCodec.decode(W3CHttpResponseCodec.java:49)
at org.openqa.selenium.remote.HttpCommandExecutor.execute(HttpCommandExecutor.java:158)
at org.openqa.selenium.remote.service.DriverCommandExecutor.execute(DriverCommandExecutor.java:83)
at org.openqa.selenium.remote.RemoteWebDriver.execute(RemoteWebDriver.java:552)
at org.openqa.selenium.remote.RemoteWebDriver.findElement(RemoteWebDriver.java:323)
at org.openqa.selenium.remote.RemoteWebDriver.findElementByXPath(RemoteWebDriver.java:428)
at org.openqa.selenium.By$ByXPath.findElement(By.java:353)
at org.openqa.selenium.remote.RemoteWebDriver.findElement(RemoteWebDriver.java:315)
at org.openqa.selenium.support.ui.ExpectedConditions$7.apply(ExpectedConditions.java:205)
at org.openqa.selenium.support.ui.ExpectedConditions$7.apply(ExpectedConditions.java:201)
at org.openqa.selenium.support.ui.FluentWait.until(FluentWait.java:249)
... 28 more
... Removed 29 stack frames]]>
    </failure>
  </testcase> <!-- supplierActiveDealsInstructionsCADHandelsbankenBank -->
  <testcase classname="cs.qa.te.tests.NegotiationsAddOfferPageTest" name="supplierActiveDealsInstructionsCADNordeaBank" time="48.536"/>
  <testcase classname="cs.qa.te.tests.NegotiationsAddOfferPageTest" name="supplierActiveDealsInstructionsProductDescription" time="194.634"/>
  <testcase classname="cs.qa.te.tests.NegotiationsAddOfferPageTest" name="supplierActiveDealsInstructionsPackListWeightDemo" time="81.349"/>
  <testcase classname="cs.qa.te.tests.NegotiationsAddOfferPageTest" name="supplierActiveDealsInstructionsEUR1" time="99.538"/>
  <testcase classname="cs.qa.te.tests.NegotiationsAddOfferPageTest" name="supplierActiveDealsInstructionsCO" time="96.683"/>
  <testcase classname="cs.qa.te.tests.NegotiationsAddOfferPageTest" name="supplierActiveDealsInstructionsECO" time="102.568"/>
  <testcase classname="cs.qa.te.tests.NegotiationsAddOfferPageTest" name="supplierActiveDealsInstructionsEEUR1" time="103.172"/>
  <testcase classname="cs.qa.te.tests.NegotiationsAddOfferPageTest" name="supplierActiveDealsInstructionsPhyto" time="100.081"/>
  <testcase classname="cs.qa.te.tests.NegotiationsAddOfferPageTest" name="supplierActiveDealsInstructionsBL" time="131.237"/>
  <testcase classname="cs.qa.te.tests.NegotiationsAddOfferPageTest" name="supplierActiveDealsPackingListDataValidate" time="89.871"/>
  <testcase classname="cs.qa.te.tests.NegotiationsAddOfferPageTest" name="supplierActiveDealsPackingListCalculationVolume" time="49.287"/>
  <testcase classname="cs.qa.te.tests.NegotiationsAddOfferPageTest" name="validatePackingListDataWithForwarder" time="60.779"/>
  <testcase classname="cs.qa.te.tests.NegotiationsAddOfferPageTest" name="validatePackingListDataWithImporter" time="54.046"/>
  <testcase classname="cs.qa.te.tests.NegotiationsAddOfferPageTest" name="supplierActiveDealsPackingListValidateTableQtyAndPercentage" time="49.517"/>
  <testcase classname="cs.qa.te.tests.NegotiationsAddOfferPageTest" name="supplierAddDocDocuments" time="0.0">
    <ignored/>
  </testcase> <!-- supplierAddDocDocuments -->
  <testcase classname="cs.qa.te.tests.NegotiationsAddOfferPageTest" name="supplierActiveDealsAddDocDocuments" time="0.0">
    <ignored/>
  </testcase> <!-- supplierActiveDealsAddDocDocuments -->
</testsuite> <!-- Create Offer, Specification, Documents, Instruction,  Packing List Test -->
