<?xml version="1.0" encoding="UTF-8"?>
<!-- Generated by org.testng.reporters.JUnitXMLReporter -->
<testsuite ignored="7" hostname="Abhinandan-Banerjee" failures="1" tests="6" name="LoginPage Test" time="31.592" errors="0" timestamp="16 Jul 2021 13:53:57 GMT">
  <testcase classname="cs.qa.te.tests.LoginPageTest$Test1" name="clickToLoginLink" time="2.745"/>
  <testcase classname="cs.qa.te.tests.LoginPageTest$Test2" name="clickToLoginLink" time="0.047">
    <failure type="org.openqa.selenium.NoSuchElementException" message="no such element: Unable to locate element: {&amp;quot;method&amp;quot;:&amp;quot;xpath&amp;quot;,&amp;quot;selector&amp;quot;:&amp;quot;//div[@data-action=&amp;apos;close-mc-modal&amp;apos;]&amp;quot;}
  (Session info: chrome=91.0.4472.124)
For documentation on this error, please visit: https://www.seleniumhq.org/exceptions/no_such_element.html
Build info: version: &amp;apos;3.141.59&amp;apos;, revision: &amp;apos;e82be7d358&amp;apos;, time: &amp;apos;2018-11-14T08:17:03&amp;apos;
System info: host: &amp;apos;ABHINANDAN-BANE&amp;apos;, ip: &amp;apos;192.168.0.105&amp;apos;, os.name: &amp;apos;Windows 10&amp;apos;, os.arch: &amp;apos;amd64&amp;apos;, os.version: &amp;apos;10.0&amp;apos;, java.version: &amp;apos;16.0.1&amp;apos;
Driver info: org.openqa.selenium.chrome.ChromeDriver
Capabilities {acceptInsecureCerts: false, browserName: chrome, browserVersion: 91.0.4472.124, chrome: {chromedriverVersion: 91.0.4472.101 (af52a90bf870..., userDataDir: C:\Users\ABHINA~1\AppData\L...}, goog:chromeOptions: {debuggerAddress: localhost:50014}, javascriptEnabled: true, networkConnectionEnabled: false, pageLoadStrategy: normal, platform: WINDOWS, platformName: WINDOWS, proxy: Proxy(), setWindowRect: true, strictFileInteractability: false, timeouts: {implicit: 0, pageLoad: 300000, script: 30000}, unhandledPromptBehavior: dismiss and notify, webauthn:extension:largeBlob: true, webauthn:virtualAuthenticators: true}
Session ID: cc20b4412a75f831cdc0d4c657e503f8
*** Element info: {Using=xpath, value=//div[@data-action=&amp;apos;close-mc-modal&amp;apos;]}">
      <![CDATA[org.openqa.selenium.NoSuchElementException: no such element: Unable to locate element: {"method":"xpath","selector":"//div[@data-action='close-mc-modal']"}
  (Session info: chrome=91.0.4472.124)
For documentation on this error, please visit: https://www.seleniumhq.org/exceptions/no_such_element.html
Build info: version: '3.141.59', revision: 'e82be7d358', time: '2018-11-14T08:17:03'
System info: host: 'ABHINANDAN-BANE', ip: '192.168.0.105', os.name: 'Windows 10', os.arch: 'amd64', os.version: '10.0', java.version: '16.0.1'
Driver info: org.openqa.selenium.chrome.ChromeDriver
Capabilities {acceptInsecureCerts: false, browserName: chrome, browserVersion: 91.0.4472.124, chrome: {chromedriverVersion: 91.0.4472.101 (af52a90bf870..., userDataDir: C:\Users\ABHINA~1\AppData\L...}, goog:chromeOptions: {debuggerAddress: localhost:50014}, javascriptEnabled: true, networkConnectionEnabled: false, pageLoadStrategy: normal, platform: WINDOWS, platformName: WINDOWS, proxy: Proxy(), setWindowRect: true, strictFileInteractability: false, timeouts: {implicit: 0, pageLoad: 300000, script: 30000}, unhandledPromptBehavior: dismiss and notify, webauthn:extension:largeBlob: true, webauthn:virtualAuthenticators: true}
Session ID: cc20b4412a75f831cdc0d4c657e503f8
*** Element info: {Using=xpath, value=//div[@data-action='close-mc-modal']}
at org.openqa.selenium.remote.http.W3CHttpResponseCodec.createException(W3CHttpResponseCodec.java:187)
at org.openqa.selenium.remote.http.W3CHttpResponseCodec.decode(W3CHttpResponseCodec.java:122)
at org.openqa.selenium.remote.http.W3CHttpResponseCodec.decode(W3CHttpResponseCodec.java:49)
at org.openqa.selenium.remote.HttpCommandExecutor.execute(HttpCommandExecutor.java:158)
at org.openqa.selenium.remote.service.DriverCommandExecutor.execute(DriverCommandExecutor.java:83)
at org.openqa.selenium.remote.RemoteWebDriver.execute(RemoteWebDriver.java:552)
at org.openqa.selenium.remote.RemoteWebDriver.findElement(RemoteWebDriver.java:323)
at org.openqa.selenium.remote.RemoteWebDriver.findElementByXPath(RemoteWebDriver.java:428)
at org.openqa.selenium.By$ByXPath.findElement(By.java:353)
at org.openqa.selenium.remote.RemoteWebDriver.findElement(RemoteWebDriver.java:315)
at cs.qa.te.utils.ElementUtil.getElement(ElementUtil.java:23)
at cs.qa.te.utils.ElementUtil.doClick(ElementUtil.java:38)
at cs.qa.te.pages.LoginPage.closePopUp(LoginPage.java:54)
at cs.qa.te.tests.LoginPageTest$Test2.clickToLoginLink(LoginPageTest.java:50)
... Removed 30 stack frames]]>
    </failure>
  </testcase> <!-- clickToLoginLink -->
  <testcase classname="cs.qa.te.tests.LoginPageTest$Test1" name="changeLanguageTest" time="3.051"/>
  <testcase classname="cs.qa.te.tests.LoginPageTest$Test2" name="changeLanguageTest" time="3.576"/>
  <testcase classname="cs.qa.te.tests.LoginPageTest$Test1" name="loginPageTitleTest" time="10.082"/>
  <testcase classname="cs.qa.te.tests.LoginPageTest$Test2" name="loginPageTextTest" time="0.09"/>
  <testcase classname="cs.qa.te.tests.LoginPageTest" name="loginPageLogoTest" time="0.0">
    <ignored/>
  </testcase> <!-- loginPageLogoTest -->
  <testcase classname="cs.qa.te.tests.LoginPageTest" name="forgotPWDLinkTest" time="0.0">
    <ignored/>
  </testcase> <!-- forgotPWDLinkTest -->
  <testcase classname="cs.qa.te.tests.LoginPageTest" name="clickOnResourceListOptionsTest" time="0.0">
    <ignored/>
  </testcase> <!-- clickOnResourceListOptionsTest -->
  <testcase classname="cs.qa.te.tests.LoginPageTest" name="userNameTextTest" time="0.0">
    <ignored/>
  </testcase> <!-- userNameTextTest -->
  <testcase classname="cs.qa.te.tests.LoginPageTest" name="loginPageLinkListTest" time="0.0">
    <ignored/>
  </testcase> <!-- loginPageLinkListTest -->
  <testcase classname="cs.qa.te.tests.LoginPageTest" name="resourceOptionsListTest" time="0.0">
    <ignored/>
  </testcase> <!-- resourceOptionsListTest -->
  <testcase classname="cs.qa.te.tests.LoginPageTest" name="passwordTextTest" time="0.0">
    <ignored/>
  </testcase> <!-- passwordTextTest -->
</testsuite> <!-- LoginPage Test -->
