<?xml version="1.0" encoding="UTF-8"?>
<!-- Generated by org.testng.reporters.JUnitXMLReporter -->
<testsuite ignored="26" hostname="DESKTOP-O9M6KMN" failures="1" tests="1" name="Default test" time="213.442" errors="0" timestamp="13 Jan 2023 16:40:13 GMT">
  <testcase classname="cs.qa.te.tests.SupplyPageTest" name="validateDownloadContractInvoicePOAndProformaFromActiveDeals" time="162.565">
    <failure type="java.lang.AssertionError" message="The following asserts failed:
	ExcelType : Failed   expected [true] but found [false],
	SupplierPhone : Failed   expected [true] but found [false],
	SpecificationGS1 : Failed   expected [true] but found [false],
	SpecificationModel : Failed   expected [true] but found [false],
	SpecificationHSCode : Failed   expected [true] but found [false]">
      <![CDATA[java.lang.AssertionError: The following asserts failed:
ExcelType : Failed   expected [true] but found [false],
SupplierPhone : Failed   expected [true] but found [false],
SpecificationGS1 : Failed   expected [true] but found [false],
SpecificationModel : Failed   expected [true] but found [false],
SpecificationHSCode : Failed   expected [true] but found [false]
at org.testng.asserts.SoftAssert.assertAll(SoftAssert.java:43)
at cs.qa.te.tests.SupplyPageTest.validateDownloadContractInvoicePOAndProformaFromActiveDeals(SupplyPageTest.java:811)
at java.base/jdk.internal.reflect.NativeMethodAccessorImpl.invoke0(Native Method)
at java.base/jdk.internal.reflect.NativeMethodAccessorImpl.invoke(NativeMethodAccessorImpl.java:77)
at java.base/jdk.internal.reflect.DelegatingMethodAccessorImpl.invoke(DelegatingMethodAccessorImpl.java:43)
at java.base/java.lang.reflect.Method.invoke(Method.java:568)
at org.testng.internal.MethodInvocationHelper.invokeMethod(MethodInvocationHelper.java:124)
at org.testng.internal.Invoker.invokeMethod(Invoker.java:583)
at org.testng.internal.Invoker.invokeTestMethod(Invoker.java:719)
at org.testng.internal.Invoker.invokeTestMethods(Invoker.java:989)
at org.testng.internal.TestMethodWorker.invokeTestMethods(TestMethodWorker.java:125)
at org.testng.internal.TestMethodWorker.run(TestMethodWorker.java:109)
at org.testng.TestRunner.privateRun(TestRunner.java:648)
at org.testng.TestRunner.run(TestRunner.java:505)
at org.testng.SuiteRunner.runTest(SuiteRunner.java:455)
at org.testng.SuiteRunner.runSequentially(SuiteRunner.java:450)
at org.testng.SuiteRunner.privateRun(SuiteRunner.java:415)
at org.testng.SuiteRunner.run(SuiteRunner.java:364)
at org.testng.SuiteRunnerWorker.runSuite(SuiteRunnerWorker.java:52)
at org.testng.SuiteRunnerWorker.run(SuiteRunnerWorker.java:84)
at org.testng.TestNG.runSuitesSequentially(TestNG.java:1208)
at org.testng.TestNG.runSuitesLocally(TestNG.java:1137)
at org.testng.TestNG.runSuites(TestNG.java:1049)
at org.testng.TestNG.run(TestNG.java:1017)
at org.testng.remote.AbstractRemoteTestNG.run(AbstractRemoteTestNG.java:115)
at org.testng.remote.RemoteTestNG.initAndRun(RemoteTestNG.java:251)
at org.testng.remote.RemoteTestNG.main(RemoteTestNG.java:77)
]]>
    </failure>
  </testcase> <!-- validateDownloadContractInvoicePOAndProformaFromActiveDeals -->
  <testcase classname="cs.qa.te.tests.SupplyPageTest" name="ForwarderNavigateDealPopUpFreightTest" time="0.0">
    <ignored/>
  </testcase> <!-- ForwarderNavigateDealPopUpFreightTest -->
  <testcase classname="cs.qa.te.tests.SupplyPageTest" name="validateDownloadPurchaseOrderAndProformaFromNegotiationsContractForwarder" time="0.0">
    <ignored/>
  </testcase> <!-- validateDownloadPurchaseOrderAndProformaFromNegotiationsContractForwarder -->
  <testcase classname="cs.qa.te.tests.SupplyPageTest" name="validateSupplierDealPopUpAndImporterDealPopUpLogInfoTest" time="0.0">
    <ignored/>
  </testcase> <!-- validateSupplierDealPopUpAndImporterDealPopUpLogInfoTest -->
  <testcase classname="cs.qa.te.tests.SupplyPageTest" name="validateForwarderAndSupplierDealPopUpContractsTest" time="0.0">
    <ignored/>
  </testcase> <!-- validateForwarderAndSupplierDealPopUpContractsTest -->
  <testcase classname="cs.qa.te.tests.SupplyPageTest" name="validateSupplierSignFromForwarderTest" time="0.0">
    <ignored/>
  </testcase> <!-- validateSupplierSignFromForwarderTest -->
  <testcase classname="cs.qa.te.tests.SupplyPageTest" name="validateActiveDealsProcessBetweenSupplierAndImporterTest" time="0.0">
    <ignored/>
  </testcase> <!-- validateActiveDealsProcessBetweenSupplierAndImporterTest -->
  <testcase classname="cs.qa.te.tests.SupplyPageTest" name="supplierAcceptImporterBidOffer" time="0.0">
    <ignored/>
  </testcase> <!-- supplierAcceptImporterBidOffer -->
  <testcase classname="cs.qa.te.tests.SupplyPageTest" name="validateActiveDealsLogForwarderTabBetweenSupplierAndForwarderTest" time="0.0">
    <ignored/>
  </testcase> <!-- validateActiveDealsLogForwarderTabBetweenSupplierAndForwarderTest -->
  <testcase classname="cs.qa.te.tests.SupplyPageTest" name="validateActiveDealsContractInvoiceBetweenSupplierAndImporterTest" time="0.0">
    <ignored/>
  </testcase> <!-- validateActiveDealsContractInvoiceBetweenSupplierAndImporterTest -->
  <testcase classname="cs.qa.te.tests.SupplyPageTest" name="createSupplyOfferTest" time="0.0">
    <ignored/>
  </testcase> <!-- createSupplyOfferTest -->
  <testcase classname="cs.qa.te.tests.SupplyPageTest" name="validateImporterAndSupplierProcessTest" time="0.0">
    <ignored/>
  </testcase> <!-- validateImporterAndSupplierProcessTest -->
  <testcase classname="cs.qa.te.tests.SupplyPageTest" name="validateDownloadContractForwarderInvoiceAndProformaFromActiveDeals" time="0.0">
    <ignored/>
  </testcase> <!-- validateDownloadContractForwarderInvoiceAndProformaFromActiveDeals -->
  <testcase classname="cs.qa.te.tests.SupplyPageTest" name="validateAfterImporterContractSignFromSupplierTest" time="0.0">
    <ignored/>
  </testcase> <!-- validateAfterImporterContractSignFromSupplierTest -->
  <testcase classname="cs.qa.te.tests.SupplyPageTest" name="validateImporterAndSupplierLogTest" time="0.0">
    <ignored/>
  </testcase> <!-- validateImporterAndSupplierLogTest -->
  <testcase classname="cs.qa.te.tests.SupplyPageTest" name="validateSupplierDealPopUpAndImporterDealPopUpProcessInfoTest" time="0.0">
    <ignored/>
  </testcase> <!-- validateSupplierDealPopUpAndImporterDealPopUpProcessInfoTest -->
  <testcase classname="cs.qa.te.tests.SupplyPageTest" name="validateActiveDealsContractForwarderTabBetweenSupplierAndForwarderTest" time="0.0">
    <ignored/>
  </testcase> <!-- validateActiveDealsContractForwarderTabBetweenSupplierAndForwarderTest -->
  <testcase classname="cs.qa.te.tests.SupplyPageTest" name="validateForwarderAndSupplierDealPopUpProcessTest" time="0.0">
    <ignored/>
  </testcase> <!-- validateForwarderAndSupplierDealPopUpProcessTest -->
  <testcase classname="cs.qa.te.tests.SupplyPageTest" name="validateActiveDealsLogBetweenSupplierAndImporterTest" time="0.0">
    <ignored/>
  </testcase> <!-- validateActiveDealsLogBetweenSupplierAndImporterTest -->
  <testcase classname="cs.qa.te.tests.SupplyPageTest" name="validateActiveDealsContractPurchaseOrderAndProformaBetweenSupplierAndImporterTest" time="0.0">
    <ignored/>
  </testcase> <!-- validateActiveDealsContractPurchaseOrderAndProformaBetweenSupplierAndImporterTest -->
  <testcase classname="cs.qa.te.tests.SupplyPageTest" name="validateSupplierDealPopUpAndImporterDealPopupContractInfoTest" time="0.0">
    <ignored/>
  </testcase> <!-- validateSupplierDealPopUpAndImporterDealPopupContractInfoTest -->
  <testcase classname="cs.qa.te.tests.SupplyPageTest" name="moveToActiveDeals" time="0.0">
    <ignored/>
  </testcase> <!-- moveToActiveDeals -->
  <testcase classname="cs.qa.te.tests.SupplyPageTest" name="validateDownloadPurchaseOrderAndProformaFromNegotiationsContractSupplier" time="0.0">
    <ignored/>
  </testcase> <!-- validateDownloadPurchaseOrderAndProformaFromNegotiationsContractSupplier -->
  <testcase classname="cs.qa.te.tests.SupplyPageTest" name="validateForwarderAndSupplierLogTest" time="0.0">
    <ignored/>
  </testcase> <!-- validateForwarderAndSupplierLogTest -->
  <testcase classname="cs.qa.te.tests.SupplyPageTest" name="importerBidForSupplyOffer" time="0.0">
    <ignored/>
  </testcase> <!-- importerBidForSupplyOffer -->
  <testcase classname="cs.qa.te.tests.SupplyPageTest" name="validateActiveDealsProcessForwarderTabBetweenSupplierAndForwarderTest" time="0.0">
    <ignored/>
  </testcase> <!-- validateActiveDealsProcessForwarderTabBetweenSupplierAndForwarderTest -->
  <testcase classname="cs.qa.te.tests.SupplyPageTest" name="validateActiveDealsFreightBetweenSupplierAndForwarderTest" time="0.0">
    <ignored/>
  </testcase> <!-- validateActiveDealsFreightBetweenSupplierAndForwarderTest -->
</testsuite> <!-- Default test -->
