<?xml version="1.0" encoding="UTF-8"?>
<!-- Generated by org.testng.reporters.JUnitXMLReporter -->
<testsuite ignored="25" hostname="Abhinandan-Banerjee" failures="4" tests="7" name="SupplyPage1 Test" time="106.035" errors="0" timestamp="18 Aug 2021 06:59:24 GMT">
  <testcase classname="cs.qa.te.tests.SupplyPageTest" name="navigateSupplyPageTest" time="11.551"/>
  <testcase classname="cs.qa.te.tests.SupplyPageTest" name="navigateNegotiationsDealPopupTest" time="15.411"/>
  <testcase classname="cs.qa.te.tests.SupplyPageTest" name="dealPopUpFreightTest" time="28.598"/>
  <testcase classname="cs.qa.te.tests.SupplyPageTest" name="navigateToContratctTest" time="1.186">
    <failure type="org.openqa.selenium.ElementClickInterceptedException" message="element click intercepted: Element &amp;lt;a href=&amp;quot;#&amp;quot; class=&amp;quot;active_deal_popup_tab_head&amp;quot; id=&amp;quot;modal_contract_tab_head&amp;quot; data-toggle=&amp;quot;tab&amp;quot; data-target=&amp;quot;#modal_contract_tab&amp;quot;&amp;gt;...&amp;lt;/a&amp;gt; is not clickable at point (149, 263). Other element would receive the click: &amp;lt;div class=&amp;quot;swal-overlay swal-overlay--show-modal&amp;quot; tabindex=&amp;quot;-1&amp;quot;&amp;gt;...&amp;lt;/div&amp;gt;
  (Session info: chrome=92.0.4515.159)
Build info: version: &amp;apos;3.141.59&amp;apos;, revision: &amp;apos;e82be7d358&amp;apos;, time: &amp;apos;2018-11-14T08:17:03&amp;apos;
System info: host: &amp;apos;ABHINANDAN-BANE&amp;apos;, ip: &amp;apos;192.168.0.104&amp;apos;, os.name: &amp;apos;Windows 10&amp;apos;, os.arch: &amp;apos;amd64&amp;apos;, os.version: &amp;apos;10.0&amp;apos;, java.version: &amp;apos;16.0.1&amp;apos;
Driver info: org.openqa.selenium.chrome.ChromeDriver
Capabilities {acceptInsecureCerts: false, browserName: chrome, browserVersion: 92.0.4515.159, chrome: {chromedriverVersion: 92.0.4515.107 (87a818b10553..., userDataDir: C:\Users\ABHINA~1\AppData\L...}, goog:chromeOptions: {debuggerAddress: localhost:49208}, javascriptEnabled: true, networkConnectionEnabled: false, pageLoadStrategy: normal, platform: WINDOWS, platformName: WINDOWS, proxy: Proxy(), setWindowRect: true, strictFileInteractability: false, timeouts: {implicit: 0, pageLoad: 300000, script: 30000}, unhandledPromptBehavior: dismiss and notify, webauthn:extension:credBlob: true, webauthn:extension:largeBlob: true, webauthn:virtualAuthenticators: true}
Session ID: 32514efa489bc741fa444c7dfc99df09">
      <![CDATA[org.openqa.selenium.ElementClickInterceptedException: element click intercepted: Element <a href="#" class="active_deal_popup_tab_head" id="modal_contract_tab_head" data-toggle="tab" data-target="#modal_contract_tab">...</a> is not clickable at point (149, 263). Other element would receive the click: <div class="swal-overlay swal-overlay--show-modal" tabindex="-1">...</div>
  (Session info: chrome=92.0.4515.159)
Build info: version: '3.141.59', revision: 'e82be7d358', time: '2018-11-14T08:17:03'
System info: host: 'ABHINANDAN-BANE', ip: '192.168.0.104', os.name: 'Windows 10', os.arch: 'amd64', os.version: '10.0', java.version: '16.0.1'
Driver info: org.openqa.selenium.chrome.ChromeDriver
Capabilities {acceptInsecureCerts: false, browserName: chrome, browserVersion: 92.0.4515.159, chrome: {chromedriverVersion: 92.0.4515.107 (87a818b10553..., userDataDir: C:\Users\ABHINA~1\AppData\L...}, goog:chromeOptions: {debuggerAddress: localhost:49208}, javascriptEnabled: true, networkConnectionEnabled: false, pageLoadStrategy: normal, platform: WINDOWS, platformName: WINDOWS, proxy: Proxy(), setWindowRect: true, strictFileInteractability: false, timeouts: {implicit: 0, pageLoad: 300000, script: 30000}, unhandledPromptBehavior: dismiss and notify, webauthn:extension:credBlob: true, webauthn:extension:largeBlob: true, webauthn:virtualAuthenticators: true}
Session ID: 32514efa489bc741fa444c7dfc99df09
at org.openqa.selenium.remote.http.W3CHttpResponseCodec.createException(W3CHttpResponseCodec.java:187)
at org.openqa.selenium.remote.http.W3CHttpResponseCodec.decode(W3CHttpResponseCodec.java:122)
at org.openqa.selenium.remote.http.W3CHttpResponseCodec.decode(W3CHttpResponseCodec.java:49)
at org.openqa.selenium.remote.HttpCommandExecutor.execute(HttpCommandExecutor.java:158)
at org.openqa.selenium.remote.service.DriverCommandExecutor.execute(DriverCommandExecutor.java:83)
at org.openqa.selenium.remote.RemoteWebDriver.execute(RemoteWebDriver.java:552)
at org.openqa.selenium.remote.RemoteWebElement.execute(RemoteWebElement.java:285)
at org.openqa.selenium.remote.RemoteWebElement.click(RemoteWebElement.java:84)
at cs.qa.te.pages.SupplyPage.navigateToContratct(SupplyPage.java:422)
at cs.qa.te.tests.SupplyPageTest.navigateToContratctTest(SupplyPageTest.java:204)
at java.base/java.util.concurrent.ThreadPoolExecutor.runWorker(ThreadPoolExecutor.java:1130)
at java.base/java.util.concurrent.ThreadPoolExecutor$Worker.run(ThreadPoolExecutor.java:630)
at java.base/java.lang.Thread.run(Thread.java:831)
... Removed 15 stack frames]]>
    </failure>
  </testcase> <!-- navigateToContratctTest -->
  <testcase classname="cs.qa.te.tests.SupplyPageTest" name="getSupplierDealPopUpContractAndLogInfoTest" time="7.122">
    <failure type="org.openqa.selenium.TimeoutException" message="Expected condition failed: waiting for presence of element located by: By.xpath: (//div[@class=&amp;apos;update_payment_term_content &amp;apos;]//div[@class=&amp;apos;table-responsive&amp;apos;]//tr)[2] (tried for 7 second(s) with 500 milliseconds interval)">
      <![CDATA[org.openqa.selenium.TimeoutException: Expected condition failed: waiting for presence of element located by: By.xpath: (//div[@class='update_payment_term_content ']//div[@class='table-responsive']//tr)[2] (tried for 7 second(s) with 500 milliseconds interval)
at org.openqa.selenium.support.ui.WebDriverWait.timeoutException(WebDriverWait.java:95)
at org.openqa.selenium.support.ui.FluentWait.until(FluentWait.java:272)
at cs.qa.te.utils.ElementUtil.doPresenceOfElementLocated(ElementUtil.java:178)
at cs.qa.te.pages.SupplyPage.dealPopUpContractInvoiceDetails(SupplyPage.java:426)
at cs.qa.te.tests.SupplyPageTest.getSupplierDealPopUpContractAndLogInfoTest(SupplyPageTest.java:209)
at java.base/java.util.concurrent.ThreadPoolExecutor.runWorker(ThreadPoolExecutor.java:1130)
at java.base/java.util.concurrent.ThreadPoolExecutor$Worker.run(ThreadPoolExecutor.java:630)
at java.base/java.lang.Thread.run(Thread.java:831)
Caused by: org.openqa.selenium.NoSuchElementException: no such element: Unable to locate element: {"method":"xpath","selector":"(//div[@class='update_payment_term_content ']//div[@class='table-responsive']//tr)[2]"}
  (Session info: chrome=92.0.4515.159)
For documentation on this error, please visit: https://www.seleniumhq.org/exceptions/no_such_element.html
Build info: version: '3.141.59', revision: 'e82be7d358', time: '2018-11-14T08:17:03'
System info: host: 'ABHINANDAN-BANE', ip: '192.168.0.104', os.name: 'Windows 10', os.arch: 'amd64', os.version: '10.0', java.version: '16.0.1'
Driver info: org.openqa.selenium.chrome.ChromeDriver
Capabilities {acceptInsecureCerts: false, browserName: chrome, browserVersion: 92.0.4515.159, chrome: {chromedriverVersion: 92.0.4515.107 (87a818b10553..., userDataDir: C:\Users\ABHINA~1\AppData\L...}, goog:chromeOptions: {debuggerAddress: localhost:49208}, javascriptEnabled: true, networkConnectionEnabled: false, pageLoadStrategy: normal, platform: WINDOWS, platformName: WINDOWS, proxy: Proxy(), setWindowRect: true, strictFileInteractability: false, timeouts: {implicit: 0, pageLoad: 300000, script: 30000}, unhandledPromptBehavior: dismiss and notify, webauthn:extension:credBlob: true, webauthn:extension:largeBlob: true, webauthn:virtualAuthenticators: true}
Session ID: 32514efa489bc741fa444c7dfc99df09
*** Element info: {Using=xpath, value=(//div[@class='update_payment_term_content ']//div[@class='table-responsive']//tr)[2]}
at org.openqa.selenium.remote.http.W3CHttpResponseCodec.createException(W3CHttpResponseCodec.java:187)
at org.openqa.selenium.remote.http.W3CHttpResponseCodec.decode(W3CHttpResponseCodec.java:122)
at org.openqa.selenium.remote.http.W3CHttpResponseCodec.decode(W3CHttpResponseCodec.java:49)
at org.openqa.selenium.remote.HttpCommandExecutor.execute(HttpCommandExecutor.java:158)
at org.openqa.selenium.remote.service.DriverCommandExecutor.execute(DriverCommandExecutor.java:83)
at org.openqa.selenium.remote.RemoteWebDriver.execute(RemoteWebDriver.java:552)
at org.openqa.selenium.remote.RemoteWebDriver.findElement(RemoteWebDriver.java:323)
at org.openqa.selenium.remote.RemoteWebDriver.findElementByXPath(RemoteWebDriver.java:428)
at org.openqa.selenium.By$ByXPath.findElement(By.java:353)
at org.openqa.selenium.remote.RemoteWebDriver.findElement(RemoteWebDriver.java:315)
at org.openqa.selenium.support.ui.ExpectedConditions$6.apply(ExpectedConditions.java:182)
at org.openqa.selenium.support.ui.ExpectedConditions$6.apply(ExpectedConditions.java:179)
at org.openqa.selenium.support.ui.FluentWait.until(FluentWait.java:249)
... 16 more
... Removed 14 stack frames]]>
    </failure>
  </testcase> <!-- getSupplierDealPopUpContractAndLogInfoTest -->
  <testcase classname="cs.qa.te.tests.SupplyPageTest" name="importerNavigateContractTest" time="6.227">
    <failure type="org.openqa.selenium.ElementClickInterceptedException" message="element click intercepted: Element &amp;lt;a href=&amp;quot;#&amp;quot; class=&amp;quot;active_deal_popup_tab_head&amp;quot; id=&amp;quot;modal_contract_tab_head&amp;quot; data-toggle=&amp;quot;tab&amp;quot; data-target=&amp;quot;#modal_contract_tab&amp;quot;&amp;gt;...&amp;lt;/a&amp;gt; is not clickable at point (149, 22). Other element would receive the click: &amp;lt;div class=&amp;quot;swal-overlay swal-overlay--show-modal&amp;quot; tabindex=&amp;quot;-1&amp;quot;&amp;gt;...&amp;lt;/div&amp;gt;
  (Session info: chrome=92.0.4515.159)
Build info: version: &amp;apos;3.141.59&amp;apos;, revision: &amp;apos;e82be7d358&amp;apos;, time: &amp;apos;2018-11-14T08:17:03&amp;apos;
System info: host: &amp;apos;ABHINANDAN-BANE&amp;apos;, ip: &amp;apos;192.168.0.104&amp;apos;, os.name: &amp;apos;Windows 10&amp;apos;, os.arch: &amp;apos;amd64&amp;apos;, os.version: &amp;apos;10.0&amp;apos;, java.version: &amp;apos;16.0.1&amp;apos;
Driver info: org.openqa.selenium.chrome.ChromeDriver
Capabilities {acceptInsecureCerts: false, browserName: chrome, browserVersion: 92.0.4515.159, chrome: {chromedriverVersion: 92.0.4515.107 (87a818b10553..., userDataDir: C:\Users\ABHINA~1\AppData\L...}, goog:chromeOptions: {debuggerAddress: localhost:49208}, javascriptEnabled: true, networkConnectionEnabled: false, pageLoadStrategy: normal, platform: WINDOWS, platformName: WINDOWS, proxy: Proxy(), setWindowRect: true, strictFileInteractability: false, timeouts: {implicit: 0, pageLoad: 300000, script: 30000}, unhandledPromptBehavior: dismiss and notify, webauthn:extension:credBlob: true, webauthn:extension:largeBlob: true, webauthn:virtualAuthenticators: true}
Session ID: 32514efa489bc741fa444c7dfc99df09">
      <![CDATA[org.openqa.selenium.ElementClickInterceptedException: element click intercepted: Element <a href="#" class="active_deal_popup_tab_head" id="modal_contract_tab_head" data-toggle="tab" data-target="#modal_contract_tab">...</a> is not clickable at point (149, 22). Other element would receive the click: <div class="swal-overlay swal-overlay--show-modal" tabindex="-1">...</div>
  (Session info: chrome=92.0.4515.159)
Build info: version: '3.141.59', revision: 'e82be7d358', time: '2018-11-14T08:17:03'
System info: host: 'ABHINANDAN-BANE', ip: '192.168.0.104', os.name: 'Windows 10', os.arch: 'amd64', os.version: '10.0', java.version: '16.0.1'
Driver info: org.openqa.selenium.chrome.ChromeDriver
Capabilities {acceptInsecureCerts: false, browserName: chrome, browserVersion: 92.0.4515.159, chrome: {chromedriverVersion: 92.0.4515.107 (87a818b10553..., userDataDir: C:\Users\ABHINA~1\AppData\L...}, goog:chromeOptions: {debuggerAddress: localhost:49208}, javascriptEnabled: true, networkConnectionEnabled: false, pageLoadStrategy: normal, platform: WINDOWS, platformName: WINDOWS, proxy: Proxy(), setWindowRect: true, strictFileInteractability: false, timeouts: {implicit: 0, pageLoad: 300000, script: 30000}, unhandledPromptBehavior: dismiss and notify, webauthn:extension:credBlob: true, webauthn:extension:largeBlob: true, webauthn:virtualAuthenticators: true}
Session ID: 32514efa489bc741fa444c7dfc99df09
at org.openqa.selenium.remote.http.W3CHttpResponseCodec.createException(W3CHttpResponseCodec.java:187)
at org.openqa.selenium.remote.http.W3CHttpResponseCodec.decode(W3CHttpResponseCodec.java:122)
at org.openqa.selenium.remote.http.W3CHttpResponseCodec.decode(W3CHttpResponseCodec.java:49)
at org.openqa.selenium.remote.HttpCommandExecutor.execute(HttpCommandExecutor.java:158)
at org.openqa.selenium.remote.service.DriverCommandExecutor.execute(DriverCommandExecutor.java:83)
at org.openqa.selenium.remote.RemoteWebDriver.execute(RemoteWebDriver.java:552)
at org.openqa.selenium.remote.RemoteWebElement.execute(RemoteWebElement.java:285)
at org.openqa.selenium.remote.RemoteWebElement.click(RemoteWebElement.java:84)
at cs.qa.te.pages.SupplyPage.importerNavigateContract(SupplyPage.java:591)
at cs.qa.te.tests.SupplyPageTest.importerNavigateContractTest(SupplyPageTest.java:239)
at java.base/java.util.concurrent.ThreadPoolExecutor.runWorker(ThreadPoolExecutor.java:1130)
at java.base/java.util.concurrent.ThreadPoolExecutor$Worker.run(ThreadPoolExecutor.java:630)
at java.base/java.lang.Thread.run(Thread.java:831)
... Removed 15 stack frames]]>
    </failure>
  </testcase> <!-- importerNavigateContractTest -->
  <testcase classname="cs.qa.te.tests.SupplyPageTest" name="importerNavigateLogTest" time="1.276">
    <failure type="org.openqa.selenium.ElementClickInterceptedException" message="element click intercepted: Element &amp;lt;a href=&amp;quot;#&amp;quot; class=&amp;quot;active_deal_popup_tab_head&amp;quot; id=&amp;quot;modal_log_tab_head&amp;quot; data-toggle=&amp;quot;tab&amp;quot; data-target=&amp;quot;#modal_log_tab&amp;quot;&amp;gt;...&amp;lt;/a&amp;gt; is not clickable at point (149, 157). Other element would receive the click: &amp;lt;div class=&amp;quot;swal-overlay swal-overlay--show-modal&amp;quot; tabindex=&amp;quot;-1&amp;quot;&amp;gt;...&amp;lt;/div&amp;gt;
  (Session info: chrome=92.0.4515.159)
Build info: version: &amp;apos;3.141.59&amp;apos;, revision: &amp;apos;e82be7d358&amp;apos;, time: &amp;apos;2018-11-14T08:17:03&amp;apos;
System info: host: &amp;apos;ABHINANDAN-BANE&amp;apos;, ip: &amp;apos;192.168.0.104&amp;apos;, os.name: &amp;apos;Windows 10&amp;apos;, os.arch: &amp;apos;amd64&amp;apos;, os.version: &amp;apos;10.0&amp;apos;, java.version: &amp;apos;16.0.1&amp;apos;
Driver info: org.openqa.selenium.chrome.ChromeDriver
Capabilities {acceptInsecureCerts: false, browserName: chrome, browserVersion: 92.0.4515.159, chrome: {chromedriverVersion: 92.0.4515.107 (87a818b10553..., userDataDir: C:\Users\ABHINA~1\AppData\L...}, goog:chromeOptions: {debuggerAddress: localhost:49208}, javascriptEnabled: true, networkConnectionEnabled: false, pageLoadStrategy: normal, platform: WINDOWS, platformName: WINDOWS, proxy: Proxy(), setWindowRect: true, strictFileInteractability: false, timeouts: {implicit: 0, pageLoad: 300000, script: 30000}, unhandledPromptBehavior: dismiss and notify, webauthn:extension:credBlob: true, webauthn:extension:largeBlob: true, webauthn:virtualAuthenticators: true}
Session ID: 32514efa489bc741fa444c7dfc99df09">
      <![CDATA[org.openqa.selenium.ElementClickInterceptedException: element click intercepted: Element <a href="#" class="active_deal_popup_tab_head" id="modal_log_tab_head" data-toggle="tab" data-target="#modal_log_tab">...</a> is not clickable at point (149, 157). Other element would receive the click: <div class="swal-overlay swal-overlay--show-modal" tabindex="-1">...</div>
  (Session info: chrome=92.0.4515.159)
Build info: version: '3.141.59', revision: 'e82be7d358', time: '2018-11-14T08:17:03'
System info: host: 'ABHINANDAN-BANE', ip: '192.168.0.104', os.name: 'Windows 10', os.arch: 'amd64', os.version: '10.0', java.version: '16.0.1'
Driver info: org.openqa.selenium.chrome.ChromeDriver
Capabilities {acceptInsecureCerts: false, browserName: chrome, browserVersion: 92.0.4515.159, chrome: {chromedriverVersion: 92.0.4515.107 (87a818b10553..., userDataDir: C:\Users\ABHINA~1\AppData\L...}, goog:chromeOptions: {debuggerAddress: localhost:49208}, javascriptEnabled: true, networkConnectionEnabled: false, pageLoadStrategy: normal, platform: WINDOWS, platformName: WINDOWS, proxy: Proxy(), setWindowRect: true, strictFileInteractability: false, timeouts: {implicit: 0, pageLoad: 300000, script: 30000}, unhandledPromptBehavior: dismiss and notify, webauthn:extension:credBlob: true, webauthn:extension:largeBlob: true, webauthn:virtualAuthenticators: true}
Session ID: 32514efa489bc741fa444c7dfc99df09
at org.openqa.selenium.remote.http.W3CHttpResponseCodec.createException(W3CHttpResponseCodec.java:187)
at org.openqa.selenium.remote.http.W3CHttpResponseCodec.decode(W3CHttpResponseCodec.java:122)
at org.openqa.selenium.remote.http.W3CHttpResponseCodec.decode(W3CHttpResponseCodec.java:49)
at org.openqa.selenium.remote.HttpCommandExecutor.execute(HttpCommandExecutor.java:158)
at org.openqa.selenium.remote.service.DriverCommandExecutor.execute(DriverCommandExecutor.java:83)
at org.openqa.selenium.remote.RemoteWebDriver.execute(RemoteWebDriver.java:552)
at org.openqa.selenium.remote.RemoteWebElement.execute(RemoteWebElement.java:285)
at org.openqa.selenium.remote.RemoteWebElement.click(RemoteWebElement.java:84)
at cs.qa.te.pages.SupplyPage.importerNavigateLog(SupplyPage.java:600)
at cs.qa.te.tests.SupplyPageTest.importerNavigateLogTest(SupplyPageTest.java:251)
at java.base/java.util.concurrent.ThreadPoolExecutor.runWorker(ThreadPoolExecutor.java:1130)
at java.base/java.util.concurrent.ThreadPoolExecutor$Worker.run(ThreadPoolExecutor.java:630)
at java.base/java.lang.Thread.run(Thread.java:831)
... Removed 15 stack frames]]>
    </failure>
  </testcase> <!-- importerNavigateLogTest -->
  <testcase classname="cs.qa.te.tests.SupplyPageTest" name="offerTypetest" time="0.0">
    <ignored/>
  </testcase> <!-- offerTypetest -->
  <testcase classname="cs.qa.te.tests.SupplyPageTest" name="clickSupplyTabTest" time="0.0">
    <ignored/>
  </testcase> <!-- clickSupplyTabTest -->
  <testcase classname="cs.qa.te.tests.SupplyPageTest" name="productDetailsTest" time="0.0">
    <ignored/>
  </testcase> <!-- productDetailsTest -->
  <testcase classname="cs.qa.te.tests.SupplyPageTest" name="importerLoginTest" time="0.0">
    <ignored/>
  </testcase> <!-- importerLoginTest -->
  <testcase classname="cs.qa.te.tests.SupplyPageTest" name="importerOpenSupplyDealTest" time="0.0">
    <ignored/>
  </testcase> <!-- importerOpenSupplyDealTest -->
  <testcase classname="cs.qa.te.tests.SupplyPageTest" name="payementTermCADTest" time="0.0">
    <ignored/>
  </testcase> <!-- payementTermCADTest -->
  <testcase classname="cs.qa.te.tests.SupplyPageTest" name="profileLogOutTest" time="0.0">
    <ignored/>
  </testcase> <!-- profileLogOutTest -->
  <testcase classname="cs.qa.te.tests.SupplyPageTest" name="importerGetSupplyDealIDTest" time="0.0">
    <ignored/>
  </testcase> <!-- importerGetSupplyDealIDTest -->
  <testcase classname="cs.qa.te.tests.SupplyPageTest" name="addSupplyPageTest" time="0.0">
    <ignored/>
  </testcase> <!-- addSupplyPageTest -->
  <testcase classname="cs.qa.te.tests.SupplyPageTest" name="supplierNavigateSupplyPageTest" time="0.0">
    <ignored/>
  </testcase> <!-- supplierNavigateSupplyPageTest -->
  <testcase classname="cs.qa.te.tests.SupplyPageTest" name="getSupplyIDTest" time="0.0">
    <ignored/>
  </testcase> <!-- getSupplyIDTest -->
  <testcase classname="cs.qa.te.tests.SupplyPageTest" name="paymentTermsTest" time="0.0">
    <ignored/>
  </testcase> <!-- paymentTermsTest -->
  <testcase classname="cs.qa.te.tests.SupplyPageTest" name="supplierClickSupplyTabTest" time="0.0">
    <ignored/>
  </testcase> <!-- supplierClickSupplyTabTest -->
  <testcase classname="cs.qa.te.tests.SupplyPageTest" name="importerNavigateSupplyPage" time="0.0">
    <ignored/>
  </testcase> <!-- importerNavigateSupplyPage -->
  <testcase classname="cs.qa.te.tests.SupplyPageTest" name="importerDimensionAndTableTest" time="0.0">
    <ignored/>
  </testcase> <!-- importerDimensionAndTableTest -->
  <testcase classname="cs.qa.te.tests.SupplyPageTest" name="importerProfileLogOutTest" time="0.0">
    <ignored/>
  </testcase> <!-- importerProfileLogOutTest -->
  <testcase classname="cs.qa.te.tests.SupplyPageTest" name="sellerDetailsTest" time="0.0">
    <ignored/>
  </testcase> <!-- sellerDetailsTest -->
  <testcase classname="cs.qa.te.tests.SupplyPageTest" name="supplierLoginTest" time="0.0">
    <ignored/>
  </testcase> <!-- supplierLoginTest -->
  <testcase classname="cs.qa.te.tests.SupplyPageTest" name="submitTest" time="0.0">
    <ignored/>
  </testcase> <!-- submitTest -->
  <testcase classname="cs.qa.te.tests.SupplyPageTest" name="supplierApproveAndProceedTest" time="0.0">
    <ignored/>
  </testcase> <!-- supplierApproveAndProceedTest -->
  <testcase classname="cs.qa.te.tests.SupplyPageTest" name="deliveryDetailsTest" time="0.0">
    <ignored/>
  </testcase> <!-- deliveryDetailsTest -->
  <testcase classname="cs.qa.te.tests.SupplyPageTest" name="importerSupplyDealChangeDateTest" time="0.0">
    <ignored/>
  </testcase> <!-- importerSupplyDealChangeDateTest -->
  <testcase classname="cs.qa.te.tests.SupplyPageTest" name="visibilityTest" time="0.0">
    <ignored/>
  </testcase> <!-- visibilityTest -->
  <testcase classname="cs.qa.te.tests.SupplyPageTest" name="getSuccessMSGTest" time="0.0">
    <ignored/>
  </testcase> <!-- getSuccessMSGTest -->
  <testcase classname="cs.qa.te.tests.SupplyPageTest" name="product1Test" time="0.0">
    <ignored/>
  </testcase> <!-- product1Test -->
</testsuite> <!-- SupplyPage1 Test -->
