<?xml version="1.0" encoding="UTF-8"?>
<!-- Generated by org.testng.reporters.JUnitXMLReporter -->
<testsuite ignored="26" hostname="Abhinandan-Banerjee" failures="6" tests="6" name="SupplyPage Test" time="0.208" errors="0" timestamp="18 Aug 2021 06:57:38 GMT">
  <testcase classname="cs.qa.te.tests.SupplyPageTest" name="navigateNegotiationsDealPopupTest" time="0.052">
    <failure type="java.lang.NullPointerException" message="Cannot invoke &amp;quot;cs.qa.te.pages.SupplyPage.navigateNegotiationsDealPopup()&amp;quot; because &amp;quot;this.supplyPage&amp;quot; is null">
      <![CDATA[java.lang.NullPointerException: Cannot invoke "cs.qa.te.pages.SupplyPage.navigateNegotiationsDealPopup()" because "this.supplyPage" is null
at cs.qa.te.tests.SupplyPageTest.navigateNegotiationsDealPopupTest(SupplyPageTest.java:193)
at java.base/java.util.concurrent.ThreadPoolExecutor.runWorker(ThreadPoolExecutor.java:1130)
at java.base/java.util.concurrent.ThreadPoolExecutor$Worker.run(ThreadPoolExecutor.java:630)
at java.base/java.lang.Thread.run(Thread.java:831)
... Removed 10 stack frames]]>
    </failure>
  </testcase> <!-- navigateNegotiationsDealPopupTest -->
  <testcase classname="cs.qa.te.tests.SupplyPageTest" name="dealPopUpFreightTest" time="0.003">
    <failure type="java.lang.NullPointerException" message="Cannot invoke &amp;quot;cs.qa.te.pages.SupplyPage.dealPopUpFreight()&amp;quot; because &amp;quot;this.supplyPage&amp;quot; is null">
      <![CDATA[java.lang.NullPointerException: Cannot invoke "cs.qa.te.pages.SupplyPage.dealPopUpFreight()" because "this.supplyPage" is null
at cs.qa.te.tests.SupplyPageTest.dealPopUpFreightTest(SupplyPageTest.java:198)
at java.base/java.util.concurrent.ThreadPoolExecutor.runWorker(ThreadPoolExecutor.java:1130)
at java.base/java.util.concurrent.ThreadPoolExecutor$Worker.run(ThreadPoolExecutor.java:630)
at java.base/java.lang.Thread.run(Thread.java:831)
... Removed 10 stack frames]]>
    </failure>
  </testcase> <!-- dealPopUpFreightTest -->
  <testcase classname="cs.qa.te.tests.SupplyPageTest" name="navigateToContratctTest" time="0.003">
    <failure type="java.lang.NullPointerException" message="Cannot invoke &amp;quot;cs.qa.te.pages.SupplyPage.navigateToContratct()&amp;quot; because &amp;quot;this.supplyPage&amp;quot; is null">
      <![CDATA[java.lang.NullPointerException: Cannot invoke "cs.qa.te.pages.SupplyPage.navigateToContratct()" because "this.supplyPage" is null
at cs.qa.te.tests.SupplyPageTest.navigateToContratctTest(SupplyPageTest.java:204)
at java.base/java.util.concurrent.ThreadPoolExecutor.runWorker(ThreadPoolExecutor.java:1130)
at java.base/java.util.concurrent.ThreadPoolExecutor$Worker.run(ThreadPoolExecutor.java:630)
at java.base/java.lang.Thread.run(Thread.java:831)
... Removed 10 stack frames]]>
    </failure>
  </testcase> <!-- navigateToContratctTest -->
  <testcase classname="cs.qa.te.tests.SupplyPageTest" name="getSupplierDealPopUpContractAndLogInfoTest" time="0.005">
    <failure type="java.lang.NullPointerException" message="Cannot invoke &amp;quot;cs.qa.te.pages.SupplyPage.dealPopUpContractInvoiceDetails()&amp;quot; because &amp;quot;this.supplyPage&amp;quot; is null">
      <![CDATA[java.lang.NullPointerException: Cannot invoke "cs.qa.te.pages.SupplyPage.dealPopUpContractInvoiceDetails()" because "this.supplyPage" is null
at cs.qa.te.tests.SupplyPageTest.getSupplierDealPopUpContractAndLogInfoTest(SupplyPageTest.java:209)
at java.base/java.util.concurrent.ThreadPoolExecutor.runWorker(ThreadPoolExecutor.java:1130)
at java.base/java.util.concurrent.ThreadPoolExecutor$Worker.run(ThreadPoolExecutor.java:630)
at java.base/java.lang.Thread.run(Thread.java:831)
... Removed 10 stack frames]]>
    </failure>
  </testcase> <!-- getSupplierDealPopUpContractAndLogInfoTest -->
  <testcase classname="cs.qa.te.tests.SupplyPageTest" name="importerNavigateContractTest" time="0.003">
    <failure type="java.lang.NullPointerException" message="Cannot invoke &amp;quot;cs.qa.te.pages.SupplyPage.importerNavigateContract()&amp;quot; because &amp;quot;this.supplyPage&amp;quot; is null">
      <![CDATA[java.lang.NullPointerException: Cannot invoke "cs.qa.te.pages.SupplyPage.importerNavigateContract()" because "this.supplyPage" is null
at cs.qa.te.tests.SupplyPageTest.importerNavigateContractTest(SupplyPageTest.java:239)
at java.base/java.util.concurrent.ThreadPoolExecutor.runWorker(ThreadPoolExecutor.java:1130)
at java.base/java.util.concurrent.ThreadPoolExecutor$Worker.run(ThreadPoolExecutor.java:630)
at java.base/java.lang.Thread.run(Thread.java:831)
... Removed 10 stack frames]]>
    </failure>
  </testcase> <!-- importerNavigateContractTest -->
  <testcase classname="cs.qa.te.tests.SupplyPageTest" name="importerNavigateLogTest" time="0.002">
    <failure type="java.lang.NullPointerException" message="Cannot invoke &amp;quot;cs.qa.te.pages.SupplyPage.importerNavigateLog()&amp;quot; because &amp;quot;this.supplyPage&amp;quot; is null">
      <![CDATA[java.lang.NullPointerException: Cannot invoke "cs.qa.te.pages.SupplyPage.importerNavigateLog()" because "this.supplyPage" is null
at cs.qa.te.tests.SupplyPageTest.importerNavigateLogTest(SupplyPageTest.java:251)
at java.base/java.util.concurrent.ThreadPoolExecutor.runWorker(ThreadPoolExecutor.java:1130)
at java.base/java.util.concurrent.ThreadPoolExecutor$Worker.run(ThreadPoolExecutor.java:630)
at java.base/java.lang.Thread.run(Thread.java:831)
... Removed 10 stack frames]]>
    </failure>
  </testcase> <!-- importerNavigateLogTest -->
  <testcase classname="cs.qa.te.tests.SupplyPageTest" name="offerTypetest" time="0.0">
    <ignored/>
  </testcase> <!-- offerTypetest -->
  <testcase classname="cs.qa.te.tests.SupplyPageTest" name="clickSupplyTabTest" time="0.0">
    <ignored/>
  </testcase> <!-- clickSupplyTabTest -->
  <testcase classname="cs.qa.te.tests.SupplyPageTest" name="productDetailsTest" time="0.0">
    <ignored/>
  </testcase> <!-- productDetailsTest -->
  <testcase classname="cs.qa.te.tests.SupplyPageTest" name="importerLoginTest" time="0.0">
    <ignored/>
  </testcase> <!-- importerLoginTest -->
  <testcase classname="cs.qa.te.tests.SupplyPageTest" name="importerOpenSupplyDealTest" time="0.0">
    <ignored/>
  </testcase> <!-- importerOpenSupplyDealTest -->
  <testcase classname="cs.qa.te.tests.SupplyPageTest" name="payementTermCADTest" time="0.0">
    <ignored/>
  </testcase> <!-- payementTermCADTest -->
  <testcase classname="cs.qa.te.tests.SupplyPageTest" name="profileLogOutTest" time="0.0">
    <ignored/>
  </testcase> <!-- profileLogOutTest -->
  <testcase classname="cs.qa.te.tests.SupplyPageTest" name="importerGetSupplyDealIDTest" time="0.0">
    <ignored/>
  </testcase> <!-- importerGetSupplyDealIDTest -->
  <testcase classname="cs.qa.te.tests.SupplyPageTest" name="addSupplyPageTest" time="0.0">
    <ignored/>
  </testcase> <!-- addSupplyPageTest -->
  <testcase classname="cs.qa.te.tests.SupplyPageTest" name="supplierNavigateSupplyPageTest" time="0.0">
    <ignored/>
  </testcase> <!-- supplierNavigateSupplyPageTest -->
  <testcase classname="cs.qa.te.tests.SupplyPageTest" name="getSupplyIDTest" time="0.0">
    <ignored/>
  </testcase> <!-- getSupplyIDTest -->
  <testcase classname="cs.qa.te.tests.SupplyPageTest" name="paymentTermsTest" time="0.0">
    <ignored/>
  </testcase> <!-- paymentTermsTest -->
  <testcase classname="cs.qa.te.tests.SupplyPageTest" name="supplierClickSupplyTabTest" time="0.0">
    <ignored/>
  </testcase> <!-- supplierClickSupplyTabTest -->
  <testcase classname="cs.qa.te.tests.SupplyPageTest" name="importerNavigateSupplyPage" time="0.0">
    <ignored/>
  </testcase> <!-- importerNavigateSupplyPage -->
  <testcase classname="cs.qa.te.tests.SupplyPageTest" name="importerDimensionAndTableTest" time="0.0">
    <ignored/>
  </testcase> <!-- importerDimensionAndTableTest -->
  <testcase classname="cs.qa.te.tests.SupplyPageTest" name="importerProfileLogOutTest" time="0.0">
    <ignored/>
  </testcase> <!-- importerProfileLogOutTest -->
  <testcase classname="cs.qa.te.tests.SupplyPageTest" name="sellerDetailsTest" time="0.0">
    <ignored/>
  </testcase> <!-- sellerDetailsTest -->
  <testcase classname="cs.qa.te.tests.SupplyPageTest" name="supplierLoginTest" time="0.0">
    <ignored/>
  </testcase> <!-- supplierLoginTest -->
  <testcase classname="cs.qa.te.tests.SupplyPageTest" name="submitTest" time="0.0">
    <ignored/>
  </testcase> <!-- submitTest -->
  <testcase classname="cs.qa.te.tests.SupplyPageTest" name="navigateSupplyPageTest" time="0.0">
    <ignored/>
  </testcase> <!-- navigateSupplyPageTest -->
  <testcase classname="cs.qa.te.tests.SupplyPageTest" name="supplierApproveAndProceedTest" time="0.0">
    <ignored/>
  </testcase> <!-- supplierApproveAndProceedTest -->
  <testcase classname="cs.qa.te.tests.SupplyPageTest" name="deliveryDetailsTest" time="0.0">
    <ignored/>
  </testcase> <!-- deliveryDetailsTest -->
  <testcase classname="cs.qa.te.tests.SupplyPageTest" name="importerSupplyDealChangeDateTest" time="0.0">
    <ignored/>
  </testcase> <!-- importerSupplyDealChangeDateTest -->
  <testcase classname="cs.qa.te.tests.SupplyPageTest" name="visibilityTest" time="0.0">
    <ignored/>
  </testcase> <!-- visibilityTest -->
  <testcase classname="cs.qa.te.tests.SupplyPageTest" name="getSuccessMSGTest" time="0.0">
    <ignored/>
  </testcase> <!-- getSuccessMSGTest -->
  <testcase classname="cs.qa.te.tests.SupplyPageTest" name="product1Test" time="0.0">
    <ignored/>
  </testcase> <!-- product1Test -->
</testsuite> <!-- SupplyPage Test -->
