<?xml version="1.0" encoding="UTF-8"?>
<!-- Generated by org.testng.reporters.JUnitReportReporter -->
<testsuite hostname="DESKTOP-O9M6KMN" failures="1" tests="11" name="cs.qa.te.localizationArabicTests.ActiveDealsTest" time="135.291" errors="0" timestamp="09 Jan 2023 10:05:46 GMT" skipped="10">
  <testcase classname="cs.qa.te.localizationArabicTests.ActiveDealsTest" name="validateArabicTranslationInActiveDealsPage" time="135.291">
    <failure message="The following asserts failed:
	ADDealActivitiesText:  expected [أنشطة الصفقات] but found [أنشطة التعاملات],
	ADActiveTitleText:  expected [المعاملات النشطة] but found [التعاملات الجاريه],
	ADETAText:  expected [الزمن المقدر للوصول] but found [الوقت المقدر للوصول],
	ADCompletedText:  expected [تم] but found [اكتمال العملية (٪)]" type="java.lang.AssertionError">
      <![CDATA[java.lang.AssertionError: The following asserts failed:
ADDealActivitiesText:  expected [أنشطة الصفقات] but found [أنشطة التعاملات],
ADActiveTitleText:  expected [المعاملات النشطة] but found [التعاملات الجاريه],
ADETAText:  expected [الزمن المقدر للوصول] but found [الوقت المقدر للوصول],
ADCompletedText:  expected [تم] but found [اكتمال العملية (٪)]
at org.testng.asserts.SoftAssert.assertAll(SoftAssert.java:43)
at cs.qa.te.localizationArabicTests.ActiveDealsTest.validateArabicTranslationInActiveDealsPage(ActiveDealsTest.java:102)
at java.base/jdk.internal.reflect.NativeMethodAccessorImpl.invoke0(Native Method)
at java.base/jdk.internal.reflect.NativeMethodAccessorImpl.invoke(NativeMethodAccessorImpl.java:77)
at java.base/jdk.internal.reflect.DelegatingMethodAccessorImpl.invoke(DelegatingMethodAccessorImpl.java:43)
at java.base/java.lang.reflect.Method.invoke(Method.java:568)
at org.testng.internal.MethodInvocationHelper.invokeMethod(MethodInvocationHelper.java:124)
at org.testng.internal.Invoker.invokeMethod(Invoker.java:583)
at org.testng.internal.Invoker.invokeTestMethod(Invoker.java:719)
at org.testng.internal.Invoker.invokeTestMethods(Invoker.java:989)
at org.testng.internal.TestMethodWorker.invokeTestMethods(TestMethodWorker.java:125)
at org.testng.internal.TestMethodWorker.run(TestMethodWorker.java:109)
at org.testng.TestRunner.privateRun(TestRunner.java:648)
at org.testng.TestRunner.run(TestRunner.java:505)
at org.testng.SuiteRunner.runTest(SuiteRunner.java:455)
at org.testng.SuiteRunner.runSequentially(SuiteRunner.java:450)
at org.testng.SuiteRunner.privateRun(SuiteRunner.java:415)
at org.testng.SuiteRunner.run(SuiteRunner.java:364)
at org.testng.SuiteRunnerWorker.runSuite(SuiteRunnerWorker.java:52)
at org.testng.SuiteRunnerWorker.run(SuiteRunnerWorker.java:84)
at org.testng.TestNG.runSuitesSequentially(TestNG.java:1208)
at org.testng.TestNG.runSuitesLocally(TestNG.java:1137)
at org.testng.TestNG.runSuites(TestNG.java:1049)
at org.testng.TestNG.run(TestNG.java:1017)
at org.testng.remote.AbstractRemoteTestNG.run(AbstractRemoteTestNG.java:115)
at org.testng.remote.RemoteTestNG.initAndRun(RemoteTestNG.java:251)
at org.testng.remote.RemoteTestNG.main(RemoteTestNG.java:77)
]]>
    </failure>
  </testcase> <!-- validateArabicTranslationInActiveDealsPage -->
  <testcase classname="cs.qa.te.localizationArabicTests.ActiveDealsTest" name="validateArabicTranslationInActiveDealsDealPopupLogViewPage">
    <skipped/>
  </testcase> <!-- validateArabicTranslationInActiveDealsDealPopupLogViewPage -->
  <testcase classname="cs.qa.te.localizationArabicTests.ActiveDealsTest" name="validateArabicTranslationInNegotiationsActiveDealsTrackingView">
    <skipped/>
  </testcase> <!-- validateArabicTranslationInNegotiationsActiveDealsTrackingView -->
  <testcase classname="cs.qa.te.localizationArabicTests.ActiveDealsTest" name="validateArabicTranslationInActiveDealsDealPopupProcessViewPage">
    <skipped/>
  </testcase> <!-- validateArabicTranslationInActiveDealsDealPopupProcessViewPage -->
  <testcase classname="cs.qa.te.localizationArabicTests.ActiveDealsTest" name="validateArabicTranslationInActiveDealsDealPopupContractViewPage">
    <skipped/>
  </testcase> <!-- validateArabicTranslationInActiveDealsDealPopupContractViewPage -->
  <testcase classname="cs.qa.te.localizationArabicTests.ActiveDealsTest" name="validateArabicTranslationInActiveDealsDealPopupContractForwarderViewPage">
    <skipped/>
  </testcase> <!-- validateArabicTranslationInActiveDealsDealPopupContractForwarderViewPage -->
  <testcase classname="cs.qa.te.localizationArabicTests.ActiveDealsTest" name="validateArabicTranslationInNegotiationsActiveDealsInstructionSettingsView">
    <skipped/>
  </testcase> <!-- validateArabicTranslationInNegotiationsActiveDealsInstructionSettingsView -->
  <testcase classname="cs.qa.te.localizationArabicTests.ActiveDealsTest" name="validateArabicTranslationInActiveDealsDealPopupDocumentViewPage">
    <skipped/>
  </testcase> <!-- validateArabicTranslationInActiveDealsDealPopupDocumentViewPage -->
  <testcase classname="cs.qa.te.localizationArabicTests.ActiveDealsTest" name="validateArabicTranslationInNegotiationsActiveDealsFreightView">
    <skipped/>
  </testcase> <!-- validateArabicTranslationInNegotiationsActiveDealsFreightView -->
  <testcase classname="cs.qa.te.localizationArabicTests.ActiveDealsTest" name="validateArabicTranslationInActiveDealsDealPopupSpecificationViewPage">
    <skipped/>
  </testcase> <!-- validateArabicTranslationInActiveDealsDealPopupSpecificationViewPage -->
  <testcase classname="cs.qa.te.localizationArabicTests.ActiveDealsTest" name="validateArabicTranslationInActiveDealsDealPopupDetailsViewPage">
    <skipped/>
  </testcase> <!-- validateArabicTranslationInActiveDealsDealPopupDetailsViewPage -->
</testsuite> <!-- cs.qa.te.localizationArabicTests.ActiveDealsTest -->
