<?xml version="1.0" encoding="UTF-8"?>
<!-- Generated by org.testng.reporters.JUnitReportReporter -->
<testsuite hostname="DESKTOP-O9M6KMN" failures="1" tests="10" name="cs.qa.te.localizationArabicTests.NegotiationsTest" time="64.634" errors="0" timestamp="06 Jul 2022 08:34:46 GMT" skipped="9">
  <testcase classname="cs.qa.te.localizationArabicTests.NegotiationsTest" name="validateArabicTranslationInNegotiationsDealPopupScheduleView" time="64.634">
    <failure message="The following asserts failed:
	DPScheduleETAText:  expected [الزمن المقدر للوصول] but found [الوقت المقدر للوصول],
	DPScheduleVisibleToText:  expected [مرئي ل] but found [مرئى لــ],
	DPScheduleAddText:  expected [أضِف] but found [إضافة]" type="java.lang.AssertionError">
      <![CDATA[java.lang.AssertionError: The following asserts failed:
DPScheduleETAText:  expected [الزمن المقدر للوصول] but found [الوقت المقدر للوصول],
DPScheduleVisibleToText:  expected [مرئي ل] but found [مرئى لــ],
DPScheduleAddText:  expected [أضِف] but found [إضافة]
at org.testng.asserts.SoftAssert.assertAll(SoftAssert.java:43)
at cs.qa.te.localizationArabicTests.NegotiationsTest.validateArabicTranslationInNegotiationsDealPopupScheduleView(NegotiationsTest.java:1317)
at java.base/jdk.internal.reflect.NativeMethodAccessorImpl.invoke0(Native Method)
at java.base/jdk.internal.reflect.NativeMethodAccessorImpl.invoke(NativeMethodAccessorImpl.java:77)
at java.base/jdk.internal.reflect.DelegatingMethodAccessorImpl.invoke(DelegatingMethodAccessorImpl.java:43)
at java.base/java.lang.reflect.Method.invoke(Method.java:568)
at org.testng.internal.MethodInvocationHelper.invokeMethod(MethodInvocationHelper.java:124)
at org.testng.internal.Invoker.invokeMethod(Invoker.java:583)
at org.testng.internal.Invoker.invokeTestMethod(Invoker.java:719)
at org.testng.internal.Invoker.invokeTestMethods(Invoker.java:989)
at org.testng.internal.TestMethodWorker.invokeTestMethods(TestMethodWorker.java:125)
at org.testng.internal.TestMethodWorker.run(TestMethodWorker.java:109)
at org.testng.TestRunner.privateRun(TestRunner.java:648)
at org.testng.TestRunner.run(TestRunner.java:505)
at org.testng.SuiteRunner.runTest(SuiteRunner.java:455)
at org.testng.SuiteRunner.runSequentially(SuiteRunner.java:450)
at org.testng.SuiteRunner.privateRun(SuiteRunner.java:415)
at org.testng.SuiteRunner.run(SuiteRunner.java:364)
at org.testng.SuiteRunnerWorker.runSuite(SuiteRunnerWorker.java:52)
at org.testng.SuiteRunnerWorker.run(SuiteRunnerWorker.java:84)
at org.testng.TestNG.runSuitesSequentially(TestNG.java:1208)
at org.testng.TestNG.runSuitesLocally(TestNG.java:1137)
at org.testng.TestNG.runSuites(TestNG.java:1049)
at org.testng.TestNG.run(TestNG.java:1017)
at org.testng.remote.AbstractRemoteTestNG.run(AbstractRemoteTestNG.java:115)
at org.testng.remote.RemoteTestNG.initAndRun(RemoteTestNG.java:251)
at org.testng.remote.RemoteTestNG.main(RemoteTestNG.java:77)
]]>
    </failure>
  </testcase> <!-- validateArabicTranslationInNegotiationsDealPopupScheduleView -->
  <testcase classname="cs.qa.te.localizationArabicTests.NegotiationsTest" name="validateArabicTranslationInNegotiationsDealPopupFreightView">
    <skipped/>
  </testcase> <!-- validateArabicTranslationInNegotiationsDealPopupFreightView -->
  <testcase classname="cs.qa.te.localizationArabicTests.NegotiationsTest" name="validateArabicTranslationInNegotiationsAddOfferView">
    <skipped/>
  </testcase> <!-- validateArabicTranslationInNegotiationsAddOfferView -->
  <testcase classname="cs.qa.te.localizationArabicTests.NegotiationsTest" name="validateArabicTranslationInNegotiationsPage">
    <skipped/>
  </testcase> <!-- validateArabicTranslationInNegotiationsPage -->
  <testcase classname="cs.qa.te.localizationArabicTests.NegotiationsTest" name="validateArabicTranslationInNegotiationsDealPopupLogView">
    <skipped/>
  </testcase> <!-- validateArabicTranslationInNegotiationsDealPopupLogView -->
  <testcase classname="cs.qa.te.localizationArabicTests.NegotiationsTest" name="validateArabicTranslationInNegotiationsDealPopupProcessView">
    <skipped/>
  </testcase> <!-- validateArabicTranslationInNegotiationsDealPopupProcessView -->
  <testcase classname="cs.qa.te.localizationArabicTests.NegotiationsTest" name="validateArabicTranslationInNegotiationsDealPopupDetailsView">
    <skipped/>
  </testcase> <!-- validateArabicTranslationInNegotiationsDealPopupDetailsView -->
  <testcase classname="cs.qa.te.localizationArabicTests.NegotiationsTest" name="validateArabicTranslationInNegotiationsDealPopupSpecificationView">
    <skipped/>
  </testcase> <!-- validateArabicTranslationInNegotiationsDealPopupSpecificationView -->
  <testcase classname="cs.qa.te.localizationArabicTests.NegotiationsTest" name="validateArabicTranslationInNegotiationsDealPopupContractView">
    <skipped/>
  </testcase> <!-- validateArabicTranslationInNegotiationsDealPopupContractView -->
  <testcase classname="cs.qa.te.localizationArabicTests.NegotiationsTest" name="validateArabicTranslationInNegotiationsDealPopupDocumentView">
    <skipped/>
  </testcase> <!-- validateArabicTranslationInNegotiationsDealPopupDocumentView -->
</testsuite> <!-- cs.qa.te.localizationArabicTests.NegotiationsTest -->
