<?xml version="1.0" encoding="UTF-8"?>
<!-- Generated by org.testng.reporters.JUnitReportReporter -->
<testsuite hostname="DESKTOP-O9M6KMN" failures="1" tests="27" name="cs.qa.te.tests.SupplyPageTest" time="162.565" errors="0" timestamp="13 Jan 2023 16:40:13 GMT" skipped="26">
  <testcase classname="cs.qa.te.tests.SupplyPageTest" name="validateDownloadContractInvoicePOAndProformaFromActiveDeals" time="162.565">
    <failure message="The following asserts failed:
	ExcelType : Failed   expected [true] but found [false],
	SupplierPhone : Failed   expected [true] but found [false],
	SpecificationGS1 : Failed   expected [true] but found [false],
	SpecificationModel : Failed   expected [true] but found [false],
	SpecificationHSCode : Failed   expected [true] but found [false]" type="java.lang.AssertionError">
      <![CDATA[java.lang.AssertionError: The following asserts failed:
ExcelType : Failed   expected [true] but found [false],
SupplierPhone : Failed   expected [true] but found [false],
SpecificationGS1 : Failed   expected [true] but found [false],
SpecificationModel : Failed   expected [true] but found [false],
SpecificationHSCode : Failed   expected [true] but found [false]
at org.testng.asserts.SoftAssert.assertAll(SoftAssert.java:43)
at cs.qa.te.tests.SupplyPageTest.validateDownloadContractInvoicePOAndProformaFromActiveDeals(SupplyPageTest.java:811)
at java.base/jdk.internal.reflect.NativeMethodAccessorImpl.invoke0(Native Method)
at java.base/jdk.internal.reflect.NativeMethodAccessorImpl.invoke(NativeMethodAccessorImpl.java:77)
at java.base/jdk.internal.reflect.DelegatingMethodAccessorImpl.invoke(DelegatingMethodAccessorImpl.java:43)
at java.base/java.lang.reflect.Method.invoke(Method.java:568)
at org.testng.internal.MethodInvocationHelper.invokeMethod(MethodInvocationHelper.java:124)
at org.testng.internal.Invoker.invokeMethod(Invoker.java:583)
at org.testng.internal.Invoker.invokeTestMethod(Invoker.java:719)
at org.testng.internal.Invoker.invokeTestMethods(Invoker.java:989)
at org.testng.internal.TestMethodWorker.invokeTestMethods(TestMethodWorker.java:125)
at org.testng.internal.TestMethodWorker.run(TestMethodWorker.java:109)
at org.testng.TestRunner.privateRun(TestRunner.java:648)
at org.testng.TestRunner.run(TestRunner.java:505)
at org.testng.SuiteRunner.runTest(SuiteRunner.java:455)
at org.testng.SuiteRunner.runSequentially(SuiteRunner.java:450)
at org.testng.SuiteRunner.privateRun(SuiteRunner.java:415)
at org.testng.SuiteRunner.run(SuiteRunner.java:364)
at org.testng.SuiteRunnerWorker.runSuite(SuiteRunnerWorker.java:52)
at org.testng.SuiteRunnerWorker.run(SuiteRunnerWorker.java:84)
at org.testng.TestNG.runSuitesSequentially(TestNG.java:1208)
at org.testng.TestNG.runSuitesLocally(TestNG.java:1137)
at org.testng.TestNG.runSuites(TestNG.java:1049)
at org.testng.TestNG.run(TestNG.java:1017)
at org.testng.remote.AbstractRemoteTestNG.run(AbstractRemoteTestNG.java:115)
at org.testng.remote.RemoteTestNG.initAndRun(RemoteTestNG.java:251)
at org.testng.remote.RemoteTestNG.main(RemoteTestNG.java:77)
]]>
    </failure>
  </testcase> <!-- validateDownloadContractInvoicePOAndProformaFromActiveDeals -->
  <testcase classname="cs.qa.te.tests.SupplyPageTest" name="ForwarderNavigateDealPopUpFreightTest">
    <skipped/>
  </testcase> <!-- ForwarderNavigateDealPopUpFreightTest -->
  <testcase classname="cs.qa.te.tests.SupplyPageTest" name="validateDownloadPurchaseOrderAndProformaFromNegotiationsContractForwarder">
    <skipped/>
  </testcase> <!-- validateDownloadPurchaseOrderAndProformaFromNegotiationsContractForwarder -->
  <testcase classname="cs.qa.te.tests.SupplyPageTest" name="validateSupplierDealPopUpAndImporterDealPopUpLogInfoTest">
    <skipped/>
  </testcase> <!-- validateSupplierDealPopUpAndImporterDealPopUpLogInfoTest -->
  <testcase classname="cs.qa.te.tests.SupplyPageTest" name="validateForwarderAndSupplierDealPopUpContractsTest">
    <skipped/>
  </testcase> <!-- validateForwarderAndSupplierDealPopUpContractsTest -->
  <testcase classname="cs.qa.te.tests.SupplyPageTest" name="validateSupplierSignFromForwarderTest">
    <skipped/>
  </testcase> <!-- validateSupplierSignFromForwarderTest -->
  <testcase classname="cs.qa.te.tests.SupplyPageTest" name="validateActiveDealsProcessBetweenSupplierAndImporterTest">
    <skipped/>
  </testcase> <!-- validateActiveDealsProcessBetweenSupplierAndImporterTest -->
  <testcase classname="cs.qa.te.tests.SupplyPageTest" name="supplierAcceptImporterBidOffer">
    <skipped/>
  </testcase> <!-- supplierAcceptImporterBidOffer -->
  <testcase classname="cs.qa.te.tests.SupplyPageTest" name="validateActiveDealsLogForwarderTabBetweenSupplierAndForwarderTest">
    <skipped/>
  </testcase> <!-- validateActiveDealsLogForwarderTabBetweenSupplierAndForwarderTest -->
  <testcase classname="cs.qa.te.tests.SupplyPageTest" name="validateActiveDealsContractInvoiceBetweenSupplierAndImporterTest">
    <skipped/>
  </testcase> <!-- validateActiveDealsContractInvoiceBetweenSupplierAndImporterTest -->
  <testcase classname="cs.qa.te.tests.SupplyPageTest" name="createSupplyOfferTest">
    <skipped/>
  </testcase> <!-- createSupplyOfferTest -->
  <testcase classname="cs.qa.te.tests.SupplyPageTest" name="validateImporterAndSupplierProcessTest">
    <skipped/>
  </testcase> <!-- validateImporterAndSupplierProcessTest -->
  <testcase classname="cs.qa.te.tests.SupplyPageTest" name="validateDownloadContractForwarderInvoiceAndProformaFromActiveDeals">
    <skipped/>
  </testcase> <!-- validateDownloadContractForwarderInvoiceAndProformaFromActiveDeals -->
  <testcase classname="cs.qa.te.tests.SupplyPageTest" name="validateAfterImporterContractSignFromSupplierTest">
    <skipped/>
  </testcase> <!-- validateAfterImporterContractSignFromSupplierTest -->
  <testcase classname="cs.qa.te.tests.SupplyPageTest" name="validateImporterAndSupplierLogTest">
    <skipped/>
  </testcase> <!-- validateImporterAndSupplierLogTest -->
  <testcase classname="cs.qa.te.tests.SupplyPageTest" name="validateSupplierDealPopUpAndImporterDealPopUpProcessInfoTest">
    <skipped/>
  </testcase> <!-- validateSupplierDealPopUpAndImporterDealPopUpProcessInfoTest -->
  <testcase classname="cs.qa.te.tests.SupplyPageTest" name="validateActiveDealsContractForwarderTabBetweenSupplierAndForwarderTest">
    <skipped/>
  </testcase> <!-- validateActiveDealsContractForwarderTabBetweenSupplierAndForwarderTest -->
  <testcase classname="cs.qa.te.tests.SupplyPageTest" name="validateForwarderAndSupplierDealPopUpProcessTest">
    <skipped/>
  </testcase> <!-- validateForwarderAndSupplierDealPopUpProcessTest -->
  <testcase classname="cs.qa.te.tests.SupplyPageTest" name="validateActiveDealsLogBetweenSupplierAndImporterTest">
    <skipped/>
  </testcase> <!-- validateActiveDealsLogBetweenSupplierAndImporterTest -->
  <testcase classname="cs.qa.te.tests.SupplyPageTest" name="validateActiveDealsContractPurchaseOrderAndProformaBetweenSupplierAndImporterTest">
    <skipped/>
  </testcase> <!-- validateActiveDealsContractPurchaseOrderAndProformaBetweenSupplierAndImporterTest -->
  <testcase classname="cs.qa.te.tests.SupplyPageTest" name="validateSupplierDealPopUpAndImporterDealPopupContractInfoTest">
    <skipped/>
  </testcase> <!-- validateSupplierDealPopUpAndImporterDealPopupContractInfoTest -->
  <testcase classname="cs.qa.te.tests.SupplyPageTest" name="moveToActiveDeals">
    <skipped/>
  </testcase> <!-- moveToActiveDeals -->
  <testcase classname="cs.qa.te.tests.SupplyPageTest" name="validateDownloadPurchaseOrderAndProformaFromNegotiationsContractSupplier">
    <skipped/>
  </testcase> <!-- validateDownloadPurchaseOrderAndProformaFromNegotiationsContractSupplier -->
  <testcase classname="cs.qa.te.tests.SupplyPageTest" name="validateForwarderAndSupplierLogTest">
    <skipped/>
  </testcase> <!-- validateForwarderAndSupplierLogTest -->
  <testcase classname="cs.qa.te.tests.SupplyPageTest" name="importerBidForSupplyOffer">
    <skipped/>
  </testcase> <!-- importerBidForSupplyOffer -->
  <testcase classname="cs.qa.te.tests.SupplyPageTest" name="validateActiveDealsProcessForwarderTabBetweenSupplierAndForwarderTest">
    <skipped/>
  </testcase> <!-- validateActiveDealsProcessForwarderTabBetweenSupplierAndForwarderTest -->
  <testcase classname="cs.qa.te.tests.SupplyPageTest" name="validateActiveDealsFreightBetweenSupplierAndForwarderTest">
    <skipped/>
  </testcase> <!-- validateActiveDealsFreightBetweenSupplierAndForwarderTest -->
</testsuite> <!-- cs.qa.te.tests.SupplyPageTest -->
