<?xml version="1.0" encoding="UTF-8"?>
<!-- Generated by org.testng.reporters.JUnitReportReporter -->
<testsuite hostname="DESKTOP-O9M6KMN" failures="0" tests="10" name="cs.qa.te.localizationArabicTests.NetworkImporterToForwarderPageArbicTest" time="15.448" errors="1" timestamp="17 Aug 2022 11:34:56 GMT" skipped="9">
  <testcase classname="cs.qa.te.localizationArabicTests.NetworkImporterToForwarderPageArbicTest" name="validateArabicTranslationInYBEAgreementPage" time="15.448">
    <error message="Expected condition failed: waiting for visibility of element located by By.xpath: ((//div[@class=&#039;card-body&#039;]//ul)[2]/li)[10] (tried for 8 second(s) with 500 milliseconds interval)" type="org.openqa.selenium.TimeoutException">
      <![CDATA[org.openqa.selenium.TimeoutException: Expected condition failed: waiting for visibility of element located by By.xpath: ((//div[@class='card-body']//ul)[2]/li)[10] (tried for 8 second(s) with 500 milliseconds interval)
at org.openqa.selenium.support.ui.WebDriverWait.timeoutException(WebDriverWait.java:95)
at org.openqa.selenium.support.ui.FluentWait.until(FluentWait.java:272)
at cs.qa.te.utils.ElementUtil.doVisiblityOfElementLocated(ElementUtil.java:759)
at cs.qa.te.localizationArabicPages.NetworkImporterToForwarderPageArbic.getArabicTranslationFromYBEAgreementPage(NetworkImporterToForwarderPageArbic.java:622)
at cs.qa.te.localizationArabicTests.NetworkImporterToForwarderPageArbicTest.validateArabicTranslationInYBEAgreementPage(NetworkImporterToForwarderPageArbicTest.java:353)
at java.base/jdk.internal.reflect.NativeMethodAccessorImpl.invoke0(Native Method)
at java.base/jdk.internal.reflect.NativeMethodAccessorImpl.invoke(NativeMethodAccessorImpl.java:77)
at java.base/jdk.internal.reflect.DelegatingMethodAccessorImpl.invoke(DelegatingMethodAccessorImpl.java:43)
at java.base/java.lang.reflect.Method.invoke(Method.java:568)
at org.testng.internal.MethodInvocationHelper.invokeMethod(MethodInvocationHelper.java:124)
at org.testng.internal.Invoker.invokeMethod(Invoker.java:583)
at org.testng.internal.Invoker.invokeTestMethod(Invoker.java:719)
at org.testng.internal.Invoker.invokeTestMethods(Invoker.java:989)
at org.testng.internal.TestMethodWorker.invokeTestMethods(TestMethodWorker.java:125)
at org.testng.internal.TestMethodWorker.run(TestMethodWorker.java:109)
at org.testng.TestRunner.privateRun(TestRunner.java:648)
at org.testng.TestRunner.run(TestRunner.java:505)
at org.testng.SuiteRunner.runTest(SuiteRunner.java:455)
at org.testng.SuiteRunner.runSequentially(SuiteRunner.java:450)
at org.testng.SuiteRunner.privateRun(SuiteRunner.java:415)
at org.testng.SuiteRunner.run(SuiteRunner.java:364)
at org.testng.SuiteRunnerWorker.runSuite(SuiteRunnerWorker.java:52)
at org.testng.SuiteRunnerWorker.run(SuiteRunnerWorker.java:84)
at org.testng.TestNG.runSuitesSequentially(TestNG.java:1208)
at org.testng.TestNG.runSuitesLocally(TestNG.java:1137)
at org.testng.TestNG.runSuites(TestNG.java:1049)
at org.testng.TestNG.run(TestNG.java:1017)
at org.testng.remote.AbstractRemoteTestNG.run(AbstractRemoteTestNG.java:115)
at org.testng.remote.RemoteTestNG.initAndRun(RemoteTestNG.java:251)
at org.testng.remote.RemoteTestNG.main(RemoteTestNG.java:77)
Caused by: org.openqa.selenium.NoSuchElementException: no such element: Unable to locate element: {"method":"xpath","selector":"((//div[@class='card-body']//ul)[2]/li)[10]"}
  (Session info: chrome=90.0.4430.72)
For documentation on this error, please visit: https://www.seleniumhq.org/exceptions/no_such_element.html
Build info: version: '3.141.59', revision: 'e82be7d358', time: '2018-11-14T08:17:03'
System info: host: 'DESKTOP-O9M6KMN', ip: '192.168.43.117', os.name: 'Windows 10', os.arch: 'amd64', os.version: '10.0', java.version: '17'
Driver info: org.openqa.selenium.chrome.ChromeDriver
Capabilities {acceptInsecureCerts: false, browserName: chrome, browserVersion: 90.0.4430.72, chrome: {chromedriverVersion: 90.0.4430.24 (4c6d850f087da..., userDataDir: C:\Users\IND\AppData\Local\...}, goog:chromeOptions: {debuggerAddress: localhost:62113}, javascriptEnabled: true, networkConnectionEnabled: false, pageLoadStrategy: normal, platform: WINDOWS, platformName: WINDOWS, proxy: Proxy(), setWindowRect: true, strictFileInteractability: false, timeouts: {implicit: 0, pageLoad: 300000, script: 30000}, unhandledPromptBehavior: dismiss and notify, webauthn:extension:largeBlob: true, webauthn:virtualAuthenticators: true}
Session ID: 8d9e2e93934bd51101f5b6a2e719cc5d
*** Element info: {Using=xpath, value=((//div[@class='card-body']//ul)[2]/li)[10]}
at jdk.internal.reflect.GeneratedConstructorAccessor10.newInstance(Unknown Source)
at java.base/jdk.internal.reflect.DelegatingConstructorAccessorImpl.newInstance(DelegatingConstructorAccessorImpl.java:45)
at java.base/java.lang.reflect.Constructor.newInstanceWithCaller(Constructor.java:499)
at java.base/java.lang.reflect.Constructor.newInstance(Constructor.java:480)
at org.openqa.selenium.remote.http.W3CHttpResponseCodec.createException(W3CHttpResponseCodec.java:187)
at org.openqa.selenium.remote.http.W3CHttpResponseCodec.decode(W3CHttpResponseCodec.java:122)
at org.openqa.selenium.remote.http.W3CHttpResponseCodec.decode(W3CHttpResponseCodec.java:49)
at org.openqa.selenium.remote.HttpCommandExecutor.execute(HttpCommandExecutor.java:158)
at org.openqa.selenium.remote.service.DriverCommandExecutor.execute(DriverCommandExecutor.java:83)
at org.openqa.selenium.remote.RemoteWebDriver.execute(RemoteWebDriver.java:552)
at org.openqa.selenium.remote.RemoteWebDriver.findElement(RemoteWebDriver.java:323)
at org.openqa.selenium.remote.RemoteWebDriver.findElementByXPath(RemoteWebDriver.java:428)
at org.openqa.selenium.By$ByXPath.findElement(By.java:353)
at org.openqa.selenium.remote.RemoteWebDriver.findElement(RemoteWebDriver.java:315)
at org.openqa.selenium.support.ui.ExpectedConditions$7.apply(ExpectedConditions.java:205)
at org.openqa.selenium.support.ui.ExpectedConditions$7.apply(ExpectedConditions.java:201)
at org.openqa.selenium.support.ui.FluentWait.until(FluentWait.java:249)
... 28 more
]]>
    </error>
  </testcase> <!-- validateArabicTranslationInYBEAgreementPage -->
  <testcase classname="cs.qa.te.localizationArabicTests.NetworkImporterToForwarderPageArbicTest" name="validateArabicTranslationInYBENotesPage">
    <skipped/>
  </testcase> <!-- validateArabicTranslationInYBENotesPage -->
  <testcase classname="cs.qa.te.localizationArabicTests.NetworkImporterToForwarderPageArbicTest" name="validateArabicTranslationInPublicInformationStaffPage">
    <skipped/>
  </testcase> <!-- validateArabicTranslationInPublicInformationStaffPage -->
  <testcase classname="cs.qa.te.localizationArabicTests.NetworkImporterToForwarderPageArbicTest" name="validateArabicTranslationInPublicInformationInformationPage">
    <skipped/>
  </testcase> <!-- validateArabicTranslationInPublicInformationInformationPage -->
  <testcase classname="cs.qa.te.localizationArabicTests.NetworkImporterToForwarderPageArbicTest" name="validateArabicTranslationInYBECertificatePage">
    <skipped/>
  </testcase> <!-- validateArabicTranslationInYBECertificatePage -->
  <testcase classname="cs.qa.te.localizationArabicTests.NetworkImporterToForwarderPageArbicTest" name="validateArabicTranslationInYBEPicturePage">
    <skipped/>
  </testcase> <!-- validateArabicTranslationInYBEPicturePage -->
  <testcase classname="cs.qa.te.localizationArabicTests.NetworkImporterToForwarderPageArbicTest" name="validateArabicTranslationInYBEExportPage">
    <skipped/>
  </testcase> <!-- validateArabicTranslationInYBEExportPage -->
  <testcase classname="cs.qa.te.localizationArabicTests.NetworkImporterToForwarderPageArbicTest" name="validateArabicTranslationInYBEFinancesPage">
    <skipped/>
  </testcase> <!-- validateArabicTranslationInYBEFinancesPage -->
  <testcase classname="cs.qa.te.localizationArabicTests.NetworkImporterToForwarderPageArbicTest" name="validateArabicTranslationInYBETasksPage">
    <skipped/>
  </testcase> <!-- validateArabicTranslationInYBETasksPage -->
  <testcase classname="cs.qa.te.localizationArabicTests.NetworkImporterToForwarderPageArbicTest" name="validateArabicTranslationInPublicInformationProfilePage">
    <skipped/>
  </testcase> <!-- validateArabicTranslationInPublicInformationProfilePage -->
</testsuite> <!-- cs.qa.te.localizationArabicTests.NetworkImporterToForwarderPageArbicTest -->
