<?xml version="1.0" encoding="UTF-8"?>
<!-- Generated by org.testng.reporters.JUnitXMLReporter -->
<testsuite ignored="9" hostname="Abhinandan-Banerjee" failures="1" tests="3" name="RegisPage Test1" time="164.356" errors="0" timestamp="20 Jul 2021 11:35:02 GMT">
  <testcase classname="cs.qa.te.tests.RegistrationPageTest" name="selectPositionTest" time="2.287">
    <failure type="java.lang.AssertionError" message="The following asserts failed:
	expected [[Выбрать позицию, Директор, Продажи, Администрация, PR / маркетинг, Агент]] but found [[Select Position, Director, Sales, Administration, PR/Marketing, Agent]]">
      <![CDATA[java.lang.AssertionError: The following asserts failed:
expected [[Выбрать позицию, Директор, Продажи, Администрация, PR / маркетинг, Агент]] but found [[Select Position, Director, Sales, Administration, PR/Marketing, Agent]]
at cs.qa.te.tests.RegistrationPageTest.selectPositionTest(RegistrationPageTest.java:112)
... Removed 26 stack frames]]>
    </failure>
  </testcase> <!-- selectPositionTest -->
  <testcase classname="cs.qa.te.tests.RegistrationPageTest" name="fillRegistrationDataTest" time="43.964"/>
  <testcase classname="cs.qa.te.tests.RegistrationPageTest" name="clickToUploadFileTest" time="44.264"/>
  <testcase classname="cs.qa.te.tests.RegistrationPageTest" name="submitTest" time="0.0">
    <ignored/>
  </testcase> <!-- submitTest -->
  <testcase classname="cs.qa.te.tests.RegistrationPageTest" name="getSubscribeNewsLetterTextTest" time="0.0">
    <ignored/>
  </testcase> <!-- getSubscribeNewsLetterTextTest -->
  <testcase classname="cs.qa.te.tests.RegistrationPageTest" name="getRegistrationFieldstextTest" time="0.0">
    <ignored/>
  </testcase> <!-- getRegistrationFieldstextTest -->
  <testcase classname="cs.qa.te.tests.RegistrationPageTest" name="placeholderTextTest" time="0.0">
    <ignored/>
  </testcase> <!-- placeholderTextTest -->
  <testcase classname="cs.qa.te.tests.RegistrationPageTest" name="getDropFileTextTest" time="0.0">
    <ignored/>
  </testcase> <!-- getDropFileTextTest -->
  <testcase classname="cs.qa.te.tests.RegistrationPageTest" name="changeLanguageTest" time="0.0">
    <ignored/>
  </testcase> <!-- changeLanguageTest -->
  <testcase classname="cs.qa.te.tests.RegistrationPageTest" name="getSubmitTextTest" time="0.0">
    <ignored/>
  </testcase> <!-- getSubmitTextTest -->
  <testcase classname="cs.qa.te.tests.RegistrationPageTest" name="getPolicyCheckboxTextTest" time="0.0">
    <ignored/>
  </testcase> <!-- getPolicyCheckboxTextTest -->
  <testcase classname="cs.qa.te.tests.RegistrationPageTest" name="registerHighlightedTitleTextTest" time="0.0">
    <ignored/>
  </testcase> <!-- registerHighlightedTitleTextTest -->
</testsuite> <!-- RegisPage Test1 -->
